<?xml version="1.0" encoding="UTF-8"?>
<robot generator="Robot 7.0.1 (Python 3.12.5 on win32)" generated="2024-09-29T11:03:44.178897" rpa="false" schemaversion="5">
<suite id="s1" name="测点管理" source="C:\Users\fupeng\Desktop\pythoncase\pythonProject\测试用例层\测点管理.robot">
<test id="s1-t1" name="查询测点数据-post" line="11">
<kw name="Login token" owner="公共配置">
<kw name="Create Dictionary" owner="BuiltIn">
<msg time="2024-09-29T11:03:44.884789" level="INFO">&amp;{header} = { content-type=application/json }</msg>
<var>&amp;{header}</var>
<arg>content-type=${content-type}</arg>
<doc>Creates and returns a dictionary based on the given ``items``.</doc>
<status status="PASS" start="2024-09-29T11:03:44.884789" elapsed="0.000000"/>
</kw>
<kw name="Create Session" owner="RequestsLibrary">
<msg time="2024-09-29T11:03:44.885789" level="INFO">Creating Session using : alias=nmb, url=http://192.167.0.17:5020, headers={'content-type': 'application/json'},                     cookies={}, auth=None, timeout=None, proxies=None, verify=False,                     debug=0 </msg>
<arg>nmb</arg>
<arg>http://192.167.0.17:5020</arg>
<arg>headers=&amp;{header}</arg>
<doc>Create Session: create a HTTP session to a server</doc>
<status status="PASS" start="2024-09-29T11:03:44.885789" elapsed="0.000000"/>
</kw>
<kw name="Create Dictionary" owner="BuiltIn">
<msg time="2024-09-29T11:03:44.885789" level="INFO">&amp;{data} = { account=admin_iif | password=QWRtaW5fMTIz }</msg>
<var>&amp;{data}</var>
<arg>account=${username}</arg>
<arg>password=${password}</arg>
<doc>Creates and returns a dictionary based on the given ``items``.</doc>
<status status="PASS" start="2024-09-29T11:03:44.885789" elapsed="0.000000"/>
</kw>
<kw name="Post Request" owner="RequestsLibrary">
<msg time="2024-09-29T11:03:44.885789" level="WARN">Keyword 'RequestsLibrary.Post Request' is deprecated. Please use `POST On Session` instead.</msg>
<msg time="2024-09-29T11:03:44.905192" level="INFO">POST Request : url=http://192.167.0.17:5020/api/sys-manage/user/login 
 path_url=/api/sys-manage/user/login 
 headers={'User-Agent': 'python-requests/2.32.3', 'Accept-Encoding': 'gzip, deflate', 'Accept': '*/*', 'Connection': 'keep-alive', 'content-type': 'application/json', 'Content-Length': '52'} 
 body={"account": "admin_iif", "password": "QWRtaW5fMTIz"} 
 </msg>
<msg time="2024-09-29T11:03:44.905192" level="INFO">POST Response : url=http://192.167.0.17:5020/api/sys-manage/user/login 
 status=200, reason=OK 
 headers={'Server': 'nginx/1.13.8', 'Date': 'Sun, 29 Sep 2024 03:05:03 GMT', 'Content-Type': 'application/json', 'Content-Length': '682', 'Connection': 'keep-alive', 'Cache-Control': 'no-cache, no-store, must-revalidate', 'Pragma': 'no-cache'} 
 body={"code":0,"message":"success","result":{"userName":"\u8d85\u7ea7\u7ba1\u7406\u5458","account":"admin_iif","deptName":null,"accessToken":"eyJhbGciOiJIUzI1NiIsInR5cCI6IkpXVCJ9.eyJmcmVzaCI6ZmFsc2UsImlhdCI6MTcyNzU3OTEwMywianRpIjoiMjhiNDg1OGUtMmNmYS00ZDg5LWE5YWQtZWI0NzY3OTQwNWFmIiwidHlwZSI6ImFjY2VzcyIsInN1YiI6MSwibmJmIjoxNzI3NTc5MTAzLCJleHAiOjE3Mjc1ODYzMDN9.RSsI9QRK5WfM-CUgi-wWRFyXUVrCTp3It6zEduy8tCk","refreshToken":"eyJhbGciOiJIUzI1NiIsInR5cCI6IkpXVCJ9.eyJmcmVzaCI6ZmFsc2UsImlhdCI6MTcyNzU3OTEwMywianRpIjoiMzM2ODk5NjktMjZmNS00MjI3LWJjY2ItNWYxN2MzNTQzMTU4IiwidHlwZSI6InJlZnJlc2giLCJzdWIiOjEsIm5iZiI6MTcyNzU3OTEwMywiZXhwIjoxNzMwMTcxMTAzfQ.AlAvyvrthtOJ8ze653GatNPz4vc8ldOhwpKl98MO3kA"}} 
 </msg>
<msg time="2024-09-29T11:03:44.905192" level="INFO">${resp} = &lt;Response [200]&gt;</msg>
<var>${resp}</var>
<arg>nmb</arg>
<arg>${loginurl}</arg>
<arg>data=&amp;{data}</arg>
<doc>*DEPRECATED* Please use `POST On Session` instead.</doc>
<status status="PASS" start="2024-09-29T11:03:44.885789" elapsed="0.019403"/>
</kw>
<kw name="Set Variable" owner="BuiltIn">
<msg time="2024-09-29T11:03:44.906199" level="INFO">${dict} = {'code': 0, 'message': 'success', 'result': {'userName': '超级管理员', 'account': 'admin_iif', 'deptName': None, 'accessToken': 'eyJhbGciOiJIUzI1NiIsInR5cCI6IkpXVCJ9.eyJmcmVzaCI6ZmFsc2UsImlhdCI6MTcyNzU3OTE...</msg>
<var>${dict}</var>
<arg>${resp.json()}</arg>
<doc>Returns the given values which can then be assigned to a variables.</doc>
<status status="PASS" start="2024-09-29T11:03:44.905192" elapsed="0.001007"/>
</kw>
<kw name="Get From Dictionary" owner="Collections">
<msg time="2024-09-29T11:03:44.906199" level="INFO">${result} = {'userName': '超级管理员', 'account': 'admin_iif', 'deptName': None, 'accessToken': 'eyJhbGciOiJIUzI1NiIsInR5cCI6IkpXVCJ9.eyJmcmVzaCI6ZmFsc2UsImlhdCI6MTcyNzU3OTEwMywianRpIjoiMjhiNDg1OGUtMmNmYS00ZDg5LWE5YWQ...</msg>
<var>${result}</var>
<arg>${dict}</arg>
<arg>result</arg>
<doc>Returns a value from the given ``dictionary`` based on the given ``key``.</doc>
<status status="PASS" start="2024-09-29T11:03:44.906199" elapsed="0.000000"/>
</kw>
<kw name="Evaluate" owner="BuiltIn">
<msg time="2024-09-29T11:03:44.906199" level="INFO">${result} = {'userName': '超级管理员', 'account': 'admin_iif', 'deptName': None, 'accessToken': 'eyJhbGciOiJIUzI1NiIsInR5cCI6IkpXVCJ9.eyJmcmVzaCI6ZmFsc2UsImlhdCI6MTcyNzU3OTEwMywianRpIjoiMjhiNDg1OGUtMmNmYS00ZDg5LWE5YWQ...</msg>
<var>${result}</var>
<arg>dict(${result})</arg>
<doc>Evaluates the given expression in Python and returns the result.</doc>
<status status="PASS" start="2024-09-29T11:03:44.906199" elapsed="0.000000"/>
</kw>
<kw name="Get From Dictionary" owner="Collections">
<msg time="2024-09-29T11:03:44.906199" level="INFO">${accessToken} = eyJhbGciOiJIUzI1NiIsInR5cCI6IkpXVCJ9.eyJmcmVzaCI6ZmFsc2UsImlhdCI6MTcyNzU3OTEwMywianRpIjoiMjhiNDg1OGUtMmNmYS00ZDg5LWE5YWQtZWI0NzY3OTQwNWFmIiwidHlwZSI6ImFjY2VzcyIsInN1YiI6MSwibmJmIjoxNzI3NTc5MTAzLCJleHA...</msg>
<var>${accessToken}</var>
<arg>${result}</arg>
<arg>accessToken</arg>
<doc>Returns a value from the given ``dictionary`` based on the given ``key``.</doc>
<status status="PASS" start="2024-09-29T11:03:44.906199" elapsed="0.000000"/>
</kw>
<kw name="Get From Dictionary" owner="Collections">
<msg time="2024-09-29T11:03:44.906199" level="INFO">${refreshToken} = eyJhbGciOiJIUzI1NiIsInR5cCI6IkpXVCJ9.eyJmcmVzaCI6ZmFsc2UsImlhdCI6MTcyNzU3OTEwMywianRpIjoiMzM2ODk5NjktMjZmNS00MjI3LWJjY2ItNWYxN2MzNTQzMTU4IiwidHlwZSI6InJlZnJlc2giLCJzdWIiOjEsIm5iZiI6MTcyNzU3OTEwMywiZXh...</msg>
<var>${refreshToken}</var>
<arg>${result}</arg>
<arg>refreshToken</arg>
<doc>Returns a value from the given ``dictionary`` based on the given ``key``.</doc>
<status status="PASS" start="2024-09-29T11:03:44.906199" elapsed="0.000000"/>
</kw>
<kw name="Set Variable" owner="BuiltIn">
<msg time="2024-09-29T11:03:44.906199" level="INFO">${token} = Bearer eyJhbGciOiJIUzI1NiIsInR5cCI6IkpXVCJ9.eyJmcmVzaCI6ZmFsc2UsImlhdCI6MTcyNzU3OTEwMywianRpIjoiMjhiNDg1OGUtMmNmYS00ZDg5LWE5YWQtZWI0NzY3OTQwNWFmIiwidHlwZSI6ImFjY2VzcyIsInN1YiI6MSwibmJmIjoxNzI3NTc5MTAz...</msg>
<var>${token}</var>
<arg>Bearer ${accessToken}</arg>
<doc>Returns the given values which can then be assigned to a variables.</doc>
<status status="PASS" start="2024-09-29T11:03:44.906199" elapsed="0.000000"/>
</kw>
<kw name="Should Be Equal As Strings" owner="BuiltIn">
<msg time="2024-09-29T11:03:44.907210" level="INFO">Argument types are:
&lt;class 'int'&gt;
&lt;class 'str'&gt;</msg>
<arg>${resp.status_code}</arg>
<arg>200</arg>
<doc>Fails if objects are unequal after converting them to strings.</doc>
<status status="PASS" start="2024-09-29T11:03:44.906199" elapsed="0.001011"/>
</kw>
<return>
<value>${token}</value>
<status status="PASS" start="2024-09-29T11:03:44.907210" elapsed="0.000000"/>
</return>
<msg time="2024-09-29T11:03:44.907210" level="INFO">${token} = Bearer eyJhbGciOiJIUzI1NiIsInR5cCI6IkpXVCJ9.eyJmcmVzaCI6ZmFsc2UsImlhdCI6MTcyNzU3OTEwMywianRpIjoiMjhiNDg1OGUtMmNmYS00ZDg5LWE5YWQtZWI0NzY3OTQwNWFmIiwidHlwZSI6ImFjY2VzcyIsInN1YiI6MSwibmJmIjoxNzI3NTc5MTAz...</msg>
<var>${token}</var>
<status status="PASS" start="2024-09-29T11:03:44.884789" elapsed="0.022421"/>
</kw>
<kw name="Create Dictionary" owner="BuiltIn">
<msg time="2024-09-29T11:03:44.907210" level="INFO">${header} = {'content-type': 'application/json', 'authorization': 'Bearer eyJhbGciOiJIUzI1NiIsInR5cCI6IkpXVCJ9.eyJmcmVzaCI6ZmFsc2UsImlhdCI6MTcyNzU3OTEwMywianRpIjoiMjhiNDg1OGUtMmNmYS00ZDg5LWE5YWQtZWI0NzY3OTQwNWFmI...</msg>
<var>${header}</var>
<arg>content-type=${content-type}</arg>
<arg>authorization=${token}</arg>
<doc>Creates and returns a dictionary based on the given ``items``.</doc>
<status status="PASS" start="2024-09-29T11:03:44.907210" elapsed="0.000000"/>
</kw>
<kw name="Load Json From File" owner="JSONLibrary">
<msg time="2024-09-29T11:03:44.908221" level="INFO">${json_data} = {'login': {'account': '1', 'password': '2'}, 'seriesdata': {'featureKeys': ['454544111'], 'startAt': 1724389621, 'endAt': 1724393221, 'tsDbId': 1, 'interval': 1, 'currentDB': 'factory', 'expression': ...</msg>
<var>${json_data}</var>
<arg>../测试数据层/rucan.json</arg>
<doc>Load JSON from file.</doc>
<status status="PASS" start="2024-09-29T11:03:44.907210" elapsed="0.001011"/>
</kw>
<kw name="Get From Dictionary" owner="Collections">
<msg time="2024-09-29T11:03:44.908221" level="INFO">${data} = {'featureKeys': ['454544111'], 'startAt': 1724389621, 'endAt': 1724393221, 'tsDbId': 1, 'interval': 1, 'currentDB': 'factory', 'expression': '', 'allowNull': False}</msg>
<var>${data}</var>
<arg>${json_data}</arg>
<arg>seriesdata</arg>
<doc>Returns a value from the given ``dictionary`` based on the given ``key``.</doc>
<status status="PASS" start="2024-09-29T11:03:44.908221" elapsed="0.000000"/>
</kw>
<kw name="methodpost test" owner="commonmethod">
<kw name="Create Session" owner="RequestsLibrary">
<msg time="2024-09-29T11:03:44.908221" level="INFO">Creating Session using : alias=nmb, url=http://192.167.0.17:5020, headers={'content-type': 'application/json', 'authorization': 'Bearer eyJhbGciOiJIUzI1NiIsInR5cCI6IkpXVCJ9.eyJmcmVzaCI6ZmFsc2UsImlhdCI6MTcyNzU3OTEwMywianRpIjoiMjhiNDg1OGUtMmNmYS00ZDg5LWE5YWQtZWI0NzY3OTQwNWFmIiwidHlwZSI6ImFjY2VzcyIsInN1YiI6MSwibmJmIjoxNzI3NTc5MTAzLCJleHAiOjE3Mjc1ODYzMDN9.RSsI9QRK5WfM-CUgi-wWRFyXUVrCTp3It6zEduy8tCk'},                     cookies={}, auth=None, timeout=None, proxies=None, verify=False,                     debug=0 </msg>
<arg>nmb</arg>
<arg>${hosturl}</arg>
<arg>headers=${header}</arg>
<doc>Create Session: create a HTTP session to a server</doc>
<status status="PASS" start="2024-09-29T11:03:44.908221" elapsed="0.000000"/>
</kw>
<kw name="Post Request" owner="RequestsLibrary">
<msg time="2024-09-29T11:03:44.908221" level="WARN">Keyword 'RequestsLibrary.Post Request' is deprecated. Please use `POST On Session` instead.</msg>
<msg time="2024-09-29T11:03:44.980021" level="INFO">POST Request : url=http://192.167.0.17:5020/api/exrun/v2/real-time/time-series-data 
 path_url=/api/exrun/v2/real-time/time-series-data 
 headers={'User-Agent': 'python-requests/2.32.3', 'Accept-Encoding': 'gzip, deflate', 'Accept': '*/*', 'Connection': 'keep-alive', 'content-type': 'application/json', 'authorization': 'Bearer eyJhbGciOiJIUzI1NiIsInR5cCI6IkpXVCJ9.eyJmcmVzaCI6ZmFsc2UsImlhdCI6MTcyNzU3OTEwMywianRpIjoiMjhiNDg1OGUtMmNmYS00ZDg5LWE5YWQtZWI0NzY3OTQwNWFmIiwidHlwZSI6ImFjY2VzcyIsInN1YiI6MSwibmJmIjoxNzI3NTc5MTAzLCJleHAiOjE3Mjc1ODYzMDN9.RSsI9QRK5WfM-CUgi-wWRFyXUVrCTp3It6zEduy8tCk', 'Content-Length': '164'} 
 body={"featureKeys": ["454544111"], "startAt": 1724389621, "endAt": 1724393221, "tsDbId": 1, "interval": 1, "currentDB": "factory", "expression": "", "allowNull": false} 
 </msg>
<msg time="2024-09-29T11:03:44.980021" level="INFO">POST Response : url=http://192.167.0.17:5020/api/exrun/v2/real-time/time-series-data 
 status=200, reason=OK 
 headers={'Server': 'nginx/1.13.8', 'Date': 'Sun, 29 Sep 2024 03:05:03 GMT', 'Content-Type': 'application/json; charset=utf-8', 'Transfer-Encoding': 'chunked', 'Connection': 'keep-alive', 'Vary': 'Accept-Encoding', 'Content-Encoding': 'gzip'} 
 body={"code":"00000","data":{"lines":[{"timestamp":1724389621,"time":"2024-08-23 13:07:01","454544111":76.1386489868164},{"timestamp":1724389622,"time":"2024-08-23 13:07:02","454544111":34.61098861694336},{"timestamp":1724389623,"time":"2024-08-23 13:07:03","454544111":46.6978759765625},{"timestamp":1724389624,"time":"2024-08-23 13:07:04","454544111":31.355281829833984},{"timestamp":1724389625,"time":"2024-08-23 13:07:05","454544111":29.075639724731445},{"timestamp":1724389626,"time":"2024-08-23 13:07:06","454544111":63.06334686279297},{"timestamp":1724389627,"time":"2024-08-23 13:07:07","454544111":49.4761848449707},{"timestamp":1724389628,"time":"2024-08-23 13:07:08","454544111":95.71453857421875},{"timestamp":1724389629,"time":"2024-08-23 13:07:09","454544111":98.32433319091797},{"timestamp":1724389630,"time":"2024-08-23 13:07:10","454544111":58.78135681152344},{"timestamp":1724389631,"time":"2024-08-23 13:07:11","454544111":24.05980110168457},{"timestamp":1724389632,"time":"2024-08-23 13:07:12","454544111":16.395816802978516},{"timestamp":1724389633,"time":"2024-08-23 13:07:13","454544111":11.358766555786133},{"timestamp":1724389634,"time":"2024-08-23 13:07:14","454544111":64.4189682006836},{"timestamp":1724389635,"time":"2024-08-23 13:07:15","454544111":88.03948974609375},{"timestamp":1724389636,"time":"2024-08-23 13:07:16","454544111":73.91117858886719},{"timestamp":1724389637,"time":"2024-08-23 13:07:17","454544111":57.71977996826172},{"timestamp":1724389638,"time":"2024-08-23 13:07:18","454544111":27.998470306396484},{"timestamp":1724389639,"time":"2024-08-23 13:07:19","454544111":49.91127395629883},{"timestamp":1724389640,"time":"2024-08-23 13:07:20","454544111":13.52189826965332},{"timestamp":1724389641,"time":"2024-08-23 13:07:21","454544111":45.968624114990234},{"timestamp":1724389642,"time":"2024-08-23 13:07:22","454544111":37.914432525634766},{"timestamp":1724389643,"time":"2024-08-23 13:07:23","454544111":18.816404342651367},{"timestamp":1724389644,"time":"2024-08-23 13:07:24","454544111":75.39314270019531},{"timestamp":1724389645,"time":"2024-08-23 13:07:25","454544111":39.01791763305664},{"timestamp":1724389646,"time":"2024-08-23 13:07:26","454544111":57.124755859375},{"timestamp":1724389647,"time":"2024-08-23 13:07:27","454544111":83.76634979248047},{"timestamp":1724389648,"time":"2024-08-23 13:07:28","454544111":28.470754623413086},{"timestamp":1724389649,"time":"2024-08-23 13:07:29","454544111":78.7215347290039},{"timestamp":1724389650,"time":"2024-08-23 13:07:30","454544111":89.77188110351562},{"timestamp":1724389651,"time":"2024-08-23 13:07:31","454544111":8.139097213745117},{"timestamp":1724389652,"time":"2024-08-23 13:07:32","454544111":87.25140380859375},{"timestamp":1724389653,"time":"2024-08-23 13:07:33","454544111":49.823150634765625},{"timestamp":1724389654,"time":"2024-08-23 13:07:34","454544111":74.36764526367188},{"timestamp":1724389655,"time":"2024-08-23 13:07:35","454544111":63.210060119628906},{"timestamp":1724389656,"time":"2024-08-23 13:07:36","454544111":34.78738021850586},{"timestamp":1724389657,"time":"2024-08-23 13:07:37","454544111":54.713619232177734},{"timestamp":1724389658,"time":"2024-08-23 13:07:38","454544111":38.98064422607422},{"timestamp":1724389659,"time":"2024-08-23 13:07:39","454544111":8.223306655883789},{"timestamp":1724389660,"time":"2024-08-23 13:07:40","454544111":10.507807731628418},{"timestamp":1724389661,"time":"2024-08-23 13:07:41","454544111":97.35285949707031},{"timestamp":1724389662,"time":"2024-08-23 13:07:42","454544111":2.820434331893921},{"timestamp":1724389663,"time":"2024-08-23 13:07:43","454544111":74.9488296508789},{"timestamp":1724389664,"time":"2024-08-23 13:07:44","454544111":73.50078582763672},{"timestamp":1724389665,"time":"2024-08-23 13:07:45","454544111":33.32286834716797},{"timestamp":1724389666,"time":"2024-08-23 13:07:46","454544111":27.188602447509766},{"timestamp":1724389667,"time":"2024-08-23 13:07:47","454544111":30.333253860473633},{"timestamp":1724389668,"time":"2024-08-23 13:07:48","454544111":7.75071382522583},{"timestamp":1724389669,"time":"2024-08-23 13:07:49","454544111":63.245506286621094},{"timestamp":1724389670,"time":"2024-08-23 13:07:50","454544111":60.96327209472656},{"timestamp":1724389671,"time":"2024-08-23 13:07:51","454544111":96.61375427246094},{"timestamp":1724389672,"time":"2024-08-23 13:07:52","454544111":61.51554489135742},{"timestamp":1724389673,"time":"2024-08-23 13:07:53","454544111":67.98001098632812},{"timestamp":1724389674,"time":"2024-08-23 13:07:54","454544111":44.53427505493164},{"timestamp":1724389675,"time":"2024-08-23 13:07:55","454544111":79.54833221435547},{"timestamp":1724389676,"time":"2024-08-23 13:07:56","454544111":36.60410690307617},{"timestamp":1724389677,"time":"2024-08-23 13:07:57","454544111":42.69078063964844},{"timestamp":1724389678,"time":"2024-08-23 13:07:58","454544111":79.87850189208984},{"timestamp":1724389679,"time":"2024-08-23 13:07:59","454544111":32.501922607421875},{"timestamp":1724389680,"time":"2024-08-23 13:08:00","454544111":77.5077896118164},{"timestamp":1724389681,"time":"2024-08-23 13:08:01","454544111":19.068876266479492},{"timestamp":1724389682,"time":"2024-08-23 13:08:02","454544111":99.58352661132812},{"timestamp":1724389683,"time":"2024-08-23 13:08:03","454544111":36.05369567871094},{"timestamp":1724389684,"time":"2024-08-23 13:08:04","454544111":89.787353515625},{"timestamp":1724389685,"time":"2024-08-23 13:08:05","454544111":37.782989501953125},{"timestamp":1724389686,"time":"2024-08-23 13:08:06","454544111":21.587806701660156},{"timestamp":1724389687,"time":"2024-08-23 13:08:07","454544111":81.18570709228516},{"timestamp":1724389688,"time":"2024-08-23 13:08:08","454544111":64.14297485351562},{"timestamp":1724389689,"time":"2024-08-23 13:08:09","454544111":17.686500549316406},{"timestamp":1724389690,"time":"2024-08-23 13:08:10","454544111":36.38212966918945},{"timestamp":1724389691,"time":"2024-08-23 13:08:11","454544111":69.30644226074219},{"timestamp":1724389692,"time":"2024-08-23 13:08:12","454544111":46.94416046142578},{"timestamp":1724389693,"time":"2024-08-23 13:08:13","454544111":4.3033013343811035},{"timestamp":1724389694,"time":"2024-08-23 13:08:14","454544111":69.99710083007812},{"timestamp":1724389695,"time":"2024-08-23 13:08:15","454544111":28.370529174804688},{"timestamp":1724389696,"time":"2024-08-23 13:08:16","454544111":7.556044101715088},{"timestamp":1724389697,"time":"2024-08-23 13:08:17","454544111":95.7491226196289},{"timestamp":1724389698,"time":"2024-08-23 13:08:18","454544111":93.15425109863281},{"timestamp":1724389699,"time":"2024-08-23 13:08:19","454544111":36.32538604736328},{"timestamp":1724389700,"time":"2024-08-23 13:08:20","454544111":86.050048828125},{"timestamp":1724389701,"time":"2024-08-23 13:08:21","454544111":46.061058044433594},{"timestamp":1724389702,"time":"2024-08-23 13:08:22","454544111":27.04528045654297},{"timestamp":1724389703,"time":"2024-08-23 13:08:23","454544111":60.277015686035156},{"timestamp":1724389704,"time":"2024-08-23 13:08:24","454544111":12.545167922973633},{"timestamp":1724389705,"time":"2024-08-23 13:08:25","454544111":60.6452522277832},{"timestamp":1724389706,"time":"2024-08-23 13:08:26","454544111":61.773170471191406},{"timestamp":1724389707,"time":"2024-08-23 13:08:27","454544111":48.78203201293945},{"timestamp":1724389708,"time":"2024-08-23 13:08:28","454544111":68.96310424804688},{"timestamp":1724389709,"time":"2024-08-23 13:08:29","454544111":30.761676788330078},{"timestamp":1724389710,"time":"2024-08-23 13:08:30","454544111":83.1276626586914},{"timestamp":1724389711,"time":"2024-08-23 13:08:31","454544111":6.792219161987305},{"timestamp":1724389712,"time":"2024-08-23 13:08:32","454544111":39.251708984375},{"timestamp":1724389713,"time":"2024-08-23 13:08:33","454544111":49.6236457824707},{"timestamp":1724389714,"time":"2024-08-23 13:08:34","454544111":23.09573745727539},{"timestamp":1724389715,"time":"2024-08-23 13:08:35","454544111":83.70498657226562},{"timestamp":1724389716,"time":"2024-08-23 13:08:36","454544111":58.67962646484375},{"timestamp":1724389717,"time":"2024-08-23 13:08:37","454544111":56.482688903808594},{"timestamp":1724389718,"time":"2024-08-23 13:08:38","454544111":28.77279281616211},{"timestamp":1724389719,"time":"2024-08-23 13:08:39","454544111":79.87059020996094},{"timestamp":1724389720,"time":"2024-08-23 13:08:40","454544111":30.012062072753906},{"timestamp":1724389721,"time":"2024-08-23 13:08:41","454544111":78.30136108398438},{"timestamp":1724389722,"time":"2024-08-23 13:08:42","454544111":8.986713409423828},{"timestamp":1724389723,"time":"2024-08-23 13:08:43","454544111":90.96674346923828},{"timestamp":1724389724,"time":"2024-08-23 13:08:44","454544111":40.17932891845703},{"timestamp":1724389725,"time":"2024-08-23 13:08:45","454544111":34.66084289550781},{"timestamp":1724389726,"time":"2024-08-23 13:08:46","454544111":4.688597679138184},{"timestamp":1724389727,"time":"2024-08-23 13:08:47","454544111":81.72058868408203},{"timestamp":1724389728,"time":"2024-08-23 13:08:48","454544111":99.83438873291016},{"timestamp":1724389729,"time":"2024-08-23 13:08:49","454544111":67.65255737304688},{"timestamp":1724389730,"time":"2024-08-23 13:08:50","454544111":49.01578140258789},{"timestamp":1724389731,"time":"2024-08-23 13:08:51","454544111":0.5259149670600891},{"timestamp":1724389732,"time":"2024-08-23 13:08:52","454544111":57.83416748046875},{"timestamp":1724389733,"time":"2024-08-23 13:08:53","454544111":12.311358451843262},{"timestamp":1724389734,"time":"2024-08-23 13:08:54","454544111":42.467132568359375},{"timestamp":1724389735,"time":"2024-08-23 13:08:55","454544111":28.3789005279541},{"timestamp":1724389736,"time":"2024-08-23 13:08:56","454544111":94.80490112304688},{"timestamp":1724389737,"time":"2024-08-23 13:08:57","454544111":97.28846740722656},{"timestamp":1724389738,"time":"2024-08-23 13:08:58","454544111":67.8221435546875},{"timestamp":1724389739,"time":"2024-08-23 1... (set the log level to DEBUG or TRACE to see the full content) 
 </msg>
<msg time="2024-09-29T11:03:44.981037" level="INFO">${resp1} = &lt;Response [200]&gt;</msg>
<var>${resp1}</var>
<arg>nmb</arg>
<arg>${url}</arg>
<arg>data=${data}</arg>
<doc>*DEPRECATED* Please use `POST On Session` instead.</doc>
<status status="PASS" start="2024-09-29T11:03:44.908221" elapsed="0.072816"/>
</kw>
<return>
<value>${resp1}</value>
<status status="PASS" start="2024-09-29T11:03:44.981037" elapsed="0.000000"/>
</return>
<msg time="2024-09-29T11:03:44.981037" level="INFO">${resp} = &lt;Response [200]&gt;</msg>
<var>${resp}</var>
<arg>${seriesdataurl}</arg>
<arg>${data}</arg>
<arg>${header}</arg>
<status status="PASS" start="2024-09-29T11:03:44.908221" elapsed="0.072816"/>
</kw>
<kw name="Log" owner="BuiltIn">
<msg time="2024-09-29T11:03:44.992033" level="INFO">{'code': '00000', 'data': {'lines': [{'timestamp': 1724389621, 'time': '2024-08-23 13:07:01', '454544111': 76.1386489868164}, {'timestamp': 1724389622, 'time': '2024-08-23 13:07:02', '454544111': 34.61098861694336}, {'timestamp': 1724389623, 'time': '2024-08-23 13:07:03', '454544111': 46.6978759765625}, {'timestamp': 1724389624, 'time': '2024-08-23 13:07:04', '454544111': 31.355281829833984}, {'timestamp': 1724389625, 'time': '2024-08-23 13:07:05', '454544111': 29.075639724731445}, {'timestamp': 1724389626, 'time': '2024-08-23 13:07:06', '454544111': 63.06334686279297}, {'timestamp': 1724389627, 'time': '2024-08-23 13:07:07', '454544111': 49.4761848449707}, {'timestamp': 1724389628, 'time': '2024-08-23 13:07:08', '454544111': 95.71453857421875}, {'timestamp': 1724389629, 'time': '2024-08-23 13:07:09', '454544111': 98.32433319091797}, {'timestamp': 1724389630, 'time': '2024-08-23 13:07:10', '454544111': 58.78135681152344}, {'timestamp': 1724389631, 'time': '2024-08-23 13:07:11', '454544111': 24.05980110168457}, {'timestamp': 1724389632, 'time': '2024-08-23 13:07:12', '454544111': 16.395816802978516}, {'timestamp': 1724389633, 'time': '2024-08-23 13:07:13', '454544111': 11.358766555786133}, {'timestamp': 1724389634, 'time': '2024-08-23 13:07:14', '454544111': 64.4189682006836}, {'timestamp': 1724389635, 'time': '2024-08-23 13:07:15', '454544111': 88.03948974609375}, {'timestamp': 1724389636, 'time': '2024-08-23 13:07:16', '454544111': 73.91117858886719}, {'timestamp': 1724389637, 'time': '2024-08-23 13:07:17', '454544111': 57.71977996826172}, {'timestamp': 1724389638, 'time': '2024-08-23 13:07:18', '454544111': 27.998470306396484}, {'timestamp': 1724389639, 'time': '2024-08-23 13:07:19', '454544111': 49.91127395629883}, {'timestamp': 1724389640, 'time': '2024-08-23 13:07:20', '454544111': 13.52189826965332}, {'timestamp': 1724389641, 'time': '2024-08-23 13:07:21', '454544111': 45.968624114990234}, {'timestamp': 1724389642, 'time': '2024-08-23 13:07:22', '454544111': 37.914432525634766}, {'timestamp': 1724389643, 'time': '2024-08-23 13:07:23', '454544111': 18.816404342651367}, {'timestamp': 1724389644, 'time': '2024-08-23 13:07:24', '454544111': 75.39314270019531}, {'timestamp': 1724389645, 'time': '2024-08-23 13:07:25', '454544111': 39.01791763305664}, {'timestamp': 1724389646, 'time': '2024-08-23 13:07:26', '454544111': 57.124755859375}, {'timestamp': 1724389647, 'time': '2024-08-23 13:07:27', '454544111': 83.76634979248047}, {'timestamp': 1724389648, 'time': '2024-08-23 13:07:28', '454544111': 28.470754623413086}, {'timestamp': 1724389649, 'time': '2024-08-23 13:07:29', '454544111': 78.7215347290039}, {'timestamp': 1724389650, 'time': '2024-08-23 13:07:30', '454544111': 89.77188110351562}, {'timestamp': 1724389651, 'time': '2024-08-23 13:07:31', '454544111': 8.139097213745117}, {'timestamp': 1724389652, 'time': '2024-08-23 13:07:32', '454544111': 87.25140380859375}, {'timestamp': 1724389653, 'time': '2024-08-23 13:07:33', '454544111': 49.823150634765625}, {'timestamp': 1724389654, 'time': '2024-08-23 13:07:34', '454544111': 74.36764526367188}, {'timestamp': 1724389655, 'time': '2024-08-23 13:07:35', '454544111': 63.210060119628906}, {'timestamp': 1724389656, 'time': '2024-08-23 13:07:36', '454544111': 34.78738021850586}, {'timestamp': 1724389657, 'time': '2024-08-23 13:07:37', '454544111': 54.713619232177734}, {'timestamp': 1724389658, 'time': '2024-08-23 13:07:38', '454544111': 38.98064422607422}, {'timestamp': 1724389659, 'time': '2024-08-23 13:07:39', '454544111': 8.223306655883789}, {'timestamp': 1724389660, 'time': '2024-08-23 13:07:40', '454544111': 10.507807731628418}, {'timestamp': 1724389661, 'time': '2024-08-23 13:07:41', '454544111': 97.35285949707031}, {'timestamp': 1724389662, 'time': '2024-08-23 13:07:42', '454544111': 2.820434331893921}, {'timestamp': 1724389663, 'time': '2024-08-23 13:07:43', '454544111': 74.9488296508789}, {'timestamp': 1724389664, 'time': '2024-08-23 13:07:44', '454544111': 73.50078582763672}, {'timestamp': 1724389665, 'time': '2024-08-23 13:07:45', '454544111': 33.32286834716797}, {'timestamp': 1724389666, 'time': '2024-08-23 13:07:46', '454544111': 27.188602447509766}, {'timestamp': 1724389667, 'time': '2024-08-23 13:07:47', '454544111': 30.333253860473633}, {'timestamp': 1724389668, 'time': '2024-08-23 13:07:48', '454544111': 7.75071382522583}, {'timestamp': 1724389669, 'time': '2024-08-23 13:07:49', '454544111': 63.245506286621094}, {'timestamp': 1724389670, 'time': '2024-08-23 13:07:50', '454544111': 60.96327209472656}, {'timestamp': 1724389671, 'time': '2024-08-23 13:07:51', '454544111': 96.61375427246094}, {'timestamp': 1724389672, 'time': '2024-08-23 13:07:52', '454544111': 61.51554489135742}, {'timestamp': 1724389673, 'time': '2024-08-23 13:07:53', '454544111': 67.98001098632812}, {'timestamp': 1724389674, 'time': '2024-08-23 13:07:54', '454544111': 44.53427505493164}, {'timestamp': 1724389675, 'time': '2024-08-23 13:07:55', '454544111': 79.54833221435547}, {'timestamp': 1724389676, 'time': '2024-08-23 13:07:56', '454544111': 36.60410690307617}, {'timestamp': 1724389677, 'time': '2024-08-23 13:07:57', '454544111': 42.69078063964844}, {'timestamp': 1724389678, 'time': '2024-08-23 13:07:58', '454544111': 79.87850189208984}, {'timestamp': 1724389679, 'time': '2024-08-23 13:07:59', '454544111': 32.501922607421875}, {'timestamp': 1724389680, 'time': '2024-08-23 13:08:00', '454544111': 77.5077896118164}, {'timestamp': 1724389681, 'time': '2024-08-23 13:08:01', '454544111': 19.068876266479492}, {'timestamp': 1724389682, 'time': '2024-08-23 13:08:02', '454544111': 99.58352661132812}, {'timestamp': 1724389683, 'time': '2024-08-23 13:08:03', '454544111': 36.05369567871094}, {'timestamp': 1724389684, 'time': '2024-08-23 13:08:04', '454544111': 89.787353515625}, {'timestamp': 1724389685, 'time': '2024-08-23 13:08:05', '454544111': 37.782989501953125}, {'timestamp': 1724389686, 'time': '2024-08-23 13:08:06', '454544111': 21.587806701660156}, {'timestamp': 1724389687, 'time': '2024-08-23 13:08:07', '454544111': 81.18570709228516}, {'timestamp': 1724389688, 'time': '2024-08-23 13:08:08', '454544111': 64.14297485351562}, {'timestamp': 1724389689, 'time': '2024-08-23 13:08:09', '454544111': 17.686500549316406}, {'timestamp': 1724389690, 'time': '2024-08-23 13:08:10', '454544111': 36.38212966918945}, {'timestamp': 1724389691, 'time': '2024-08-23 13:08:11', '454544111': 69.30644226074219}, {'timestamp': 1724389692, 'time': '2024-08-23 13:08:12', '454544111': 46.94416046142578}, {'timestamp': 1724389693, 'time': '2024-08-23 13:08:13', '454544111': 4.3033013343811035}, {'timestamp': 1724389694, 'time': '2024-08-23 13:08:14', '454544111': 69.99710083007812}, {'timestamp': 1724389695, 'time': '2024-08-23 13:08:15', '454544111': 28.370529174804688}, {'timestamp': 1724389696, 'time': '2024-08-23 13:08:16', '454544111': 7.556044101715088}, {'timestamp': 1724389697, 'time': '2024-08-23 13:08:17', '454544111': 95.7491226196289}, {'timestamp': 1724389698, 'time': '2024-08-23 13:08:18', '454544111': 93.15425109863281}, {'timestamp': 1724389699, 'time': '2024-08-23 13:08:19', '454544111': 36.32538604736328}, {'timestamp': 1724389700, 'time': '2024-08-23 13:08:20', '454544111': 86.050048828125}, {'timestamp': 1724389701, 'time': '2024-08-23 13:08:21', '454544111': 46.061058044433594}, {'timestamp': 1724389702, 'time': '2024-08-23 13:08:22', '454544111': 27.04528045654297}, {'timestamp': 1724389703, 'time': '2024-08-23 13:08:23', '454544111': 60.277015686035156}, {'timestamp': 1724389704, 'time': '2024-08-23 13:08:24', '454544111': 12.545167922973633}, {'timestamp': 1724389705, 'time': '2024-08-23 13:08:25', '454544111': 60.6452522277832}, {'timestamp': 1724389706, 'time': '2024-08-23 13:08:26', '454544111': 61.773170471191406}, {'timestamp': 1724389707, 'time': '2024-08-23 13:08:27', '454544111': 48.78203201293945}, {'timestamp': 1724389708, 'time': '2024-08-23 13:08:28', '454544111': 68.96310424804688}, {'timestamp': 1724389709, 'time': '2024-08-23 13:08:29', '454544111': 30.761676788330078}, {'timestamp': 1724389710, 'time': '2024-08-23 13:08:30', '454544111': 83.1276626586914}, {'timestamp': 1724389711, 'time': '2024-08-23 13:08:31', '454544111': 6.792219161987305}, {'timestamp': 1724389712, 'time': '2024-08-23 13:08:32', '454544111': 39.251708984375}, {'timestamp': 1724389713, 'time': '2024-08-23 13:08:33', '454544111': 49.6236457824707}, {'timestamp': 1724389714, 'time': '2024-08-23 13:08:34', '454544111': 23.09573745727539}, {'timestamp': 1724389715, 'time': '2024-08-23 13:08:35', '454544111': 83.70498657226562}, {'timestamp': 1724389716, 'time': '2024-08-23 13:08:36', '454544111': 58.67962646484375}, {'timestamp': 1724389717, 'time': '2024-08-23 13:08:37', '454544111': 56.482688903808594}, {'timestamp': 1724389718, 'time': '2024-08-23 13:08:38', '454544111': 28.77279281616211}, {'timestamp': 1724389719, 'time': '2024-08-23 13:08:39', '454544111': 79.87059020996094}, {'timestamp': 1724389720, 'time': '2024-08-23 13:08:40', '454544111': 30.012062072753906}, {'timestamp': 1724389721, 'time': '2024-08-23 13:08:41', '454544111': 78.30136108398438}, {'timestamp': 1724389722, 'time': '2024-08-23 13:08:42', '454544111': 8.986713409423828}, {'timestamp': 1724389723, 'time': '2024-08-23 13:08:43', '454544111': 90.96674346923828}, {'timestamp': 1724389724, 'time': '2024-08-23 13:08:44', '454544111': 40.17932891845703}, {'timestamp': 1724389725, 'time': '2024-08-23 13:08:45', '454544111': 34.66084289550781}, {'timestamp': 1724389726, 'time': '2024-08-23 13:08:46', '454544111': 4.688597679138184}, {'timestamp': 1724389727, 'time': '2024-08-23 13:08:47', '454544111': 81.72058868408203}, {'timestamp': 1724389728, 'time': '2024-08-23 13:08:48', '454544111': 99.83438873291016}, {'timestamp': 1724389729, 'time': '2024-08-23 13:08:49', '454544111': 67.65255737304688}, {'timestamp': 1724389730, 'time': '2024-08-23 13:08:50', '454544111': 49.01578140258789}, {'timestamp': 1724389731, 'time': '2024-08-23 13:08:51', '454544111': 0.5259149670600891}, {'timestamp': 1724389732, 'time': '2024-08-23 13:08:52', '454544111': 57.83416748046875}, {'timestamp': 1724389733, 'time': '2024-08-23 13:08:53', '454544111': 12.311358451843262}, {'timestamp': 1724389734, 'time': '2024-08-23 13:08:54', '454544111': 42.467132568359375}, {'timestamp': 1724389735, 'time': '2024-08-23 13:08:55', '454544111': 28.3789005279541}, {'timestamp': 1724389736, 'time': '2024-08-23 13:08:56', '454544111': 94.80490112304688}, {'timestamp': 1724389737, 'time': '2024-08-23 13:08:57', '454544111': 97.28846740722656}, {'timestamp': 1724389738, 'time': '2024-08-23 13:08:58', '454544111': 67.8221435546875}, {'timestamp': 1724389739, 'time': '2024-08-23 13:08:59', '454544111': 58.314239501953125}, {'timestamp': 1724389740, 'time': '2024-08-23 13:09:00', '454544111': 70.51020050048828}, {'timestamp': 1724389741, 'time': '2024-08-23 13:09:01', '454544111': 2.1168811321258545}, {'timestamp': 1724389742, 'time': '2024-08-23 13:09:02', '454544111': 1.523047924041748}, {'timestamp': 1724389743, 'time': '2024-08-23 13:09:03', '454544111': 6.455249309539795}, {'timestamp': 1724389744, 'time': '2024-08-23 13:09:04', '454544111': 94.36652374267578}, {'timestamp': 1724389745, 'time': '2024-08-23 13:09:05', '454544111': 22.943876266479492}, {'timestamp': 1724389746, 'time': '2024-08-23 13:09:06', '454544111': 12.419473648071289}, {'timestamp': 1724389747, 'time': '2024-08-23 13:09:07', '454544111': 13.740013122558594}, {'timestamp': 1724389748, 'time': '2024-08-23 13:09:08', '454544111': 60.04511642456055}, {'timestamp': 1724389749, 'time': '2024-08-23 13:09:09', '454544111': 1.9880067110061646}, {'timestamp': 1724389750, 'time': '2024-08-23 13:09:10', '454544111': 56.87363052368164}, {'timestamp': 1724389751, 'time': '2024-08-23 13:09:11', '454544111': 21.233642578125}, {'timestamp': 1724389752, 'time': '2024-08-23 13:09:12', '454544111': 97.65373992919922}, {'timestamp': 1724389753, 'time': '2024-08-23 13:09:13', '454544111': 3.975050210952759}, {'timestamp': 1724389754, 'time': '2024-08-23 13:09:14', '454544111': 87.07112121582031}, {'timestamp': 1724389755, 'time': '2024-08-23 13:09:15', '454544111': 37.81672668457031}, {'timestamp': 1724389756, 'time': '2024-08-23 13:09:16', '454544111': 40.15608596801758}, {'timestamp': 1724389757, 'time': '2024-08-23 13:09:17', '454544111': 72.12176513671875}, {'timestamp': 1724389758, 'time': '2024-08-23 13:09:18', '454544111': 49.504547119140625}, {'timestamp': 1724389759, 'time': '2024-08-23 13:09:19', '454544111': 77.40884399414062}, {'timestamp': 1724389760, 'time': '2024-08-23 13:09:20', '454544111': 4.957560062408447}, {'timestamp': 1724389761, 'time': '2024-08-23 13:09:21', '454544111': 33.87411117553711}, {'timestamp': 1724389762, 'time': '2024-08-23 13:09:22', '454544111': 16.20452117919922}, {'timestamp': 1724389763, 'time': '2024-08-23 13:09:23', '454544111': 52.25981903076172}, {'timestamp': 1724389764, 'time': '2024-08-23 13:09:24', '454544111': 64.20201110839844}, {'timestamp': 1724389765, 'time': '2024-08-23 13:09:25', '454544111': 42.475807189941406}, {'timestamp': 1724389766, 'time': '2024-08-23 13:09:26', '454544111': 0.007181467022746801}, {'timestamp': 1724389767, 'time': '2024-08-23 13:09:27', '454544111': 41.413551330566406}, {'timestamp': 1724389768, 'time': '2024-08-23 13:09:28', '454544111': 19.020992279052734}, {'timestamp': 1724389769, 'time': '2024-08-23 13:09:29', '454544111': 42.17979049682617}, {'timestamp': 1724389770, 'time': '2024-08-23 13:09:30', '454544111': 45.89703369140625}, {'timestamp': 1724389771, 'time': '2024-08-23 13:09:31', '454544111': 74.80973815917969}, {'timestamp': 1724389772, 'time': '2024-08-23 13:09:32', '454544111': 39.08102035522461}, {'timestamp': 1724389773, 'time': '2024-08-23 13:09:33', '454544111': 38.4508056640625}, {'timestamp': 1724389774, 'time': '2024-08-23 13:09:34', '454544111': 13.541457176208496}, {'timestamp': 1724389775, 'time': '2024-08-23 13:09:35', '454544111': 69.51496887207031}, {'timestamp': 1724389776, 'time': '2024-08-23 13:09:36', '454544111': 50.13130187988281}, {'timestamp': 1724389777, 'time': '2024-08-23 13:09:37', '454544111': 21.745067596435547}, {'timestamp': 1724389778, 'time': '2024-08-23 13:09:38', '454544111': 98.27079010009766}, {'timestamp': 1724389779, 'time': '2024-08-23 13:09:39', '454544111': 18.922094345092773}, {'timestamp': 1724389780, 'time': '2024-08-23 13:09:40', '454544111': 71.77957153320312}, {'timestamp': 1724389781, 'time': '2024-08-23 13:09:41', '454544111': 6.969801425933838}, {'timestamp': 1724389782, 'time': '2024-08-23 13:09:42', '454544111': 91.13224792480469}, {'timestamp': 1724389783, 'time': '2024-08-23 13:09:43', '454544111': 60.880409240722656}, {'timestamp': 1724389784, 'time': '2024-08-23 13:09:44', '454544111': 18.18252944946289}, {'timestamp': 1724389785, 'time': '2024-08-23 13:09:45', '454544111': 27.444992065429688}, {'timestamp': 1724389786, 'time': '2024-08-23 13:09:46', '454544111': 55.871726989746094}, {'timestamp': 1724389787, 'time': '2024-08-23 13:09:47', '454544111': 74.100830078125}, {'timestamp': 1724389788, 'time': '2024-08-23 13:09:48', '454544111': 60.61176681518555}, {'timestamp': 1724389789, 'time': '2024-08-23 13:09:49', '454544111': 45.7486457824707}, {'timestamp': 1724389790, 'time': '2024-08-23 13:09:50', '454544111': 38.06830596923828}, {'timestamp': 1724389791, 'time': '2024-08-23 13:09:51', '454544111': 12.332714080810547}, {'timestamp': 1724389792, 'time': '2024-08-23 13:09:52', '454544111': 46.672569274902344}, {'timestamp': 1724389793, 'time': '2024-08-23 13:09:53', '454544111': 5.446086883544922}, {'timestamp': 1724389794, 'time': '2024-08-23 13:09:54', '454544111': 21.85144805908203}, {'timestamp': 1724389795, 'time': '2024-08-23 13:09:55', '454544111': 55.6446418762207}, {'timestamp': 1724389796, 'time': '2024-08-23 13:09:56', '454544111': 57.832908630371094}, {'timestamp': 1724389797, 'time': '2024-08-23 13:09:57', '454544111': 87.23393249511719}, {'timestamp': 1724389798, 'time': '2024-08-23 13:09:58', '454544111': 84.04232788085938}, {'timestamp': 1724389799, 'time': '2024-08-23 13:09:59', '454544111': 93.21308135986328}, {'timestamp': 1724389800, 'time': '2024-08-23 13:10:00', '454544111': 87.15886688232422}, {'timestamp': 1724389801, 'time': '2024-08-23 13:10:01', '454544111': 84.98898315429688}, {'timestamp': 1724389802, 'time': '2024-08-23 13:10:02', '454544111': 30.26948356628418}, {'timestamp': 1724389803, 'time': '2024-08-23 13:10:03', '454544111': 99.93346405029297}, {'timestamp': 1724389804, 'time': '2024-08-23 13:10:04', '454544111': 37.9130973815918}, {'timestamp': 1724389805, 'time': '2024-08-23 13:10:05', '454544111': 37.5225944519043}, {'timestamp': 1724389806, 'time': '2024-08-23 13:10:06', '454544111': 57.972686767578125}, {'timestamp': 1724389807, 'time': '2024-08-23 13:10:07', '454544111': 65.90675354003906}, {'timestamp': 1724389808, 'time': '2024-08-23 13:10:08', '454544111': 64.91983032226562}, {'timestamp': 1724389809, 'time': '2024-08-23 13:10:09', '454544111': 1.0771912336349487}, {'timestamp': 1724389810, 'time': '2024-08-23 13:10:10', '454544111': 60.6226692199707}, {'timestamp': 1724389811, 'time': '2024-08-23 13:10:11', '454544111': 79.83907318115234}, {'timestamp': 1724389812, 'time': '2024-08-23 13:10:12', '454544111': 44.07044982910156}, {'timestamp': 1724389813, 'time': '2024-08-23 13:10:13', '454544111': 44.573246002197266}, {'timestamp': 1724389814, 'time': '2024-08-23 13:10:14', '454544111': 71.19610595703125}, {'timestamp': 1724389815, 'time': '2024-08-23 13:10:15', '454544111': 15.396852493286133}, {'timestamp': 1724389816, 'time': '2024-08-23 13:10:16', '454544111': 15.016176223754883}, {'timestamp': 1724389817, 'time': '2024-08-23 13:10:17', '454544111': 11.451181411743164}, {'timestamp': 1724389818, 'time': '2024-08-23 13:10:18', '454544111': 86.21432495117188}, {'timestamp': 1724389819, 'time': '2024-08-23 13:10:19', '454544111': 86.00858306884766}, {'timestamp': 1724389820, 'time': '2024-08-23 13:10:20', '454544111': 83.26850128173828}, {'timestamp': 1724389821, 'time': '2024-08-23 13:10:21', '454544111': 88.13452911376953}, {'timestamp': 1724389822, 'time': '2024-08-23 13:10:22', '454544111': 75.49505615234375}, {'timestamp': 1724389823, 'time': '2024-08-23 13:10:23', '454544111': 83.76012420654297}, {'timestamp': 1724389824, 'time': '2024-08-23 13:10:24', '454544111': 50.673736572265625}, {'timestamp': 1724389825, 'time': '2024-08-23 13:10:25', '454544111': 55.89146041870117}, {'timestamp': 1724389826, 'time': '2024-08-23 13:10:26', '454544111': 53.2149543762207}, {'timestamp': 1724389827, 'time': '2024-08-23 13:10:27', '454544111': 73.86451721191406}, {'timestamp': 1724389828, 'time': '2024-08-23 13:10:28', '454544111': 62.308406829833984}, {'timestamp': 1724389829, 'time': '2024-08-23 13:10:29', '454544111': 26.17367172241211}, {'timestamp': 1724389830, 'time': '2024-08-23 13:10:30', '454544111': 15.593269348144531}, {'timestamp': 1724389831, 'time': '2024-08-23 13:10:31', '454544111': 51.51485824584961}, {'timestamp': 1724389832, 'time': '2024-08-23 13:10:32', '454544111': 36.20525360107422}, {'timestamp': 1724389833, 'time': '2024-08-23 13:10:33', '454544111': 37.95811462402344}, {'timestamp': 1724389834, 'time': '2024-08-23 13:10:34', '454544111': 77.2577896118164}, {'timestamp': 1724389835, 'time': '2024-08-23 13:10:35', '454544111': 43.13569641113281}, {'timestamp': 1724389836, 'time': '2024-08-23 13:10:36', '454544111': 86.43395233154297}, {'timestamp': 1724389837, 'time': '2024-08-23 13:10:37', '454544111': 4.605608940124512}, {'timestamp': 1724389838, 'time': '2024-08-23 13:10:38', '454544111': 96.90902709960938}, {'timestamp': 1724389839, 'time': '2024-08-23 13:10:39', '454544111': 36.24678039550781}, {'timestamp': 1724389840, 'time': '2024-08-23 13:10:40', '454544111': 62.613521575927734}, {'timestamp': 1724389841, 'time': '2024-08-23 13:10:41', '454544111': 31.83981704711914}, {'timestamp': 1724389842, 'time': '2024-08-23 13:10:42', '454544111': 24.4364013671875}, {'timestamp': 1724389843, 'time': '2024-08-23 13:10:43', '454544111': 47.15937423706055}, {'timestamp': 1724389844, 'time': '2024-08-23 13:10:44', '454544111': 9.734474182128906}, {'timestamp': 1724389845, 'time': '2024-08-23 13:10:45', '454544111': 10.623868942260742}, {'timestamp': 1724389846, 'time': '2024-08-23 13:10:46', '454544111': 0.1461772620677948}, {'timestamp': 1724389847, 'time': '2024-08-23 13:10:47', '454544111': 12.457951545715332}, {'timestamp': 1724389848, 'time': '2024-08-23 13:10:48', '454544111': 51.778507232666016}, {'timestamp': 1724389849, 'time': '2024-08-23 13:10:49', '454544111': 9.005745887756348}, {'timestamp': 1724389850, 'time': '2024-08-23 13:10:50', '454544111': 41.59829330444336}, {'timestamp': 1724389851, 'time': '2024-08-23 13:10:51', '454544111': 75.33149719238281}, {'timestamp': 1724389852, 'time': '2024-08-23 13:10:52', '454544111': 46.412506103515625}, {'timestamp': 1724389853, 'time': '2024-08-23 13:10:53', '454544111': 88.63009643554688}, {'timestamp': 1724389854, 'time': '2024-08-23 13:10:54', '454544111': 86.93444061279297}, {'timestamp': 1724389855, 'time': '2024-08-23 13:10:55', '454544111': 4.334904193878174}, {'timestamp': 1724389856, 'time': '2024-08-23 13:10:56', '454544111': 92.99076080322266}, {'timestamp': 1724389857, 'time': '2024-08-23 13:10:57', '454544111': 45.5874137878418}, {'timestamp': 1724389858, 'time': '2024-08-23 13:10:58', '454544111': 61.3260498046875}, {'timestamp': 1724389859, 'time': '2024-08-23 13:10:59', '454544111': 43.96828079223633}, {'timestamp': 1724389860, 'time': '2024-08-23 13:11:00', '454544111': 14.231210708618164}, {'timestamp': 1724389861, 'time': '2024-08-23 13:11:01', '454544111': 27.213314056396484}, {'timestamp': 1724389862, 'time': '2024-08-23 13:11:02', '454544111': 85.35604095458984}, {'timestamp': 1724389863, 'time': '2024-08-23 13:11:03', '454544111': 54.973060607910156}, {'timestamp': 1724389864, 'time': '2024-08-23 13:11:04', '454544111': 95.09717559814453}, {'timestamp': 1724389865, 'time': '2024-08-23 13:11:05', '454544111': 60.106170654296875}, {'timestamp': 1724389866, 'time': '2024-08-23 13:11:06', '454544111': 80.11290740966797}, {'timestamp': 1724389867, 'time': '2024-08-23 13:11:07', '454544111': 13.676873207092285}, {'timestamp': 1724389868, 'time': '2024-08-23 13:11:08', '454544111': 93.01519775390625}, {'timestamp': 1724389869, 'time': '2024-08-23 13:11:09', '454544111': 10.807355880737305}, {'timestamp': 1724389870, 'time': '2024-08-23 13:11:10', '454544111': 87.12364959716797}, {'timestamp': 1724389871, 'time': '2024-08-23 13:11:11', '454544111': 86.89110565185547}, {'timestamp': 1724389872, 'time': '2024-08-23 13:11:12', '454544111': 51.24897766113281}, {'timestamp': 1724389873, 'time': '2024-08-23 13:11:13', '454544111': 60.518211364746094}, {'timestamp': 1724389874, 'time': '2024-08-23 13:11:14', '454544111': 87.01214599609375}, {'timestamp': 1724389875, 'time': '2024-08-23 13:11:15', '454544111': 31.352243423461914}, {'timestamp': 1724389876, 'time': '2024-08-23 13:11:16', '454544111': 67.3732681274414}, {'timestamp': 1724389877, 'time': '2024-08-23 13:11:17', '454544111': 70.57643127441406}, {'timestamp': 1724389878, 'time': '2024-08-23 13:11:18', '454544111': 79.87273406982422}, {'timestamp': 1724389879, 'time': '2024-08-23 13:11:19', '454544111': 21.16448211669922}, {'timestamp': 1724389880, 'time': '2024-08-23 13:11:20', '454544111': 55.947017669677734}, {'timestamp': 1724389881, 'time': '2024-08-23 13:11:21', '454544111': 22.626468658447266}, {'timestamp': 1724389882, 'time': '2024-08-23 13:11:22', '454544111': 77.66249084472656}, {'timestamp': 1724389883, 'time': '2024-08-23 13:11:23', '454544111': 74.12761688232422}, {'timestamp': 1724389884, 'time': '2024-08-23 13:11:24', '454544111': 99.53825378417969}, {'timestamp': 1724389885, 'time': '2024-08-23 13:11:25', '454544111': 7.496650695800781}, {'timestamp': 1724389886, 'time': '2024-08-23 13:11:26', '454544111': 29.97589683532715}, {'timestamp': 1724389887, 'time': '2024-08-23 13:11:27', '454544111': 57.616336822509766}, {'timestamp': 1724389888, 'time': '2024-08-23 13:11:28', '454544111': 62.9805793762207}, {'timestamp': 1724389889, 'time': '2024-08-23 13:11:29', '454544111': 99.16411590576172}, {'timestamp': 1724389890, 'time': '2024-08-23 13:11:30', '454544111': 23.744699478149414}, {'timestamp': 1724389891, 'time': '2024-08-23 13:11:31', '454544111': 0.4698697030544281}, {'timestamp': 1724389892, 'time': '2024-08-23 13:11:32', '454544111': 34.10427474975586}, {'timestamp': 1724389893, 'time': '2024-08-23 13:11:33', '454544111': 74.17499542236328}, {'timestamp': 1724389894, 'time': '2024-08-23 13:11:34', '454544111': 69.48539733886719}, {'timestamp': 1724389895, 'time': '2024-08-23 13:11:35', '454544111': 81.14168548583984}, {'timestamp': 1724389896, 'time': '2024-08-23 13:11:36', '454544111': 78.0053939819336}, {'timestamp': 1724389897, 'time': '2024-08-23 13:11:37', '454544111': 90.76087188720703}, {'timestamp': 1724389898, 'time': '2024-08-23 13:11:38', '454544111': 39.49707794189453}, {'timestamp': 1724389899, 'time': '2024-08-23 13:11:39', '454544111': 27.073028564453125}, {'timestamp': 1724389900, 'time': '2024-08-23 13:11:40', '454544111': 74.61793518066406}, {'timestamp': 1724389901, 'time': '2024-08-23 13:11:41', '454544111': 69.6776123046875}, {'timestamp': 1724389902, 'time': '2024-08-23 13:11:42', '454544111': 82.2877197265625}, {'timestamp': 1724389903, 'time': '2024-08-23 13:11:43', '454544111': 57.70895004272461}, {'timestamp': 1724389904, 'time': '2024-08-23 13:11:44', '454544111': 70.86209106445312}, {'timestamp': 1724389905, 'time': '2024-08-23 13:11:45', '454544111': 23.67499542236328}, {'timestamp': 1724389906, 'time': '2024-08-23 13:11:46', '454544111': 12.3563232421875}, {'timestamp': 1724389907, 'time': '2024-08-23 13:11:47', '454544111': 21.14688491821289}, {'timestamp': 1724389908, 'time': '2024-08-23 13:11:48', '454544111': 82.48277282714844}, {'timestamp': 1724389909, 'time': '2024-08-23 13:11:49', '454544111': 87.03813934326172}, {'timestamp': 1724389910, 'time': '2024-08-23 13:11:50', '454544111': 75.86769104003906}, {'timestamp': 1724389911, 'time': '2024-08-23 13:11:51', '454544111': 24.065349578857422}, {'timestamp': 1724389912, 'time': '2024-08-23 13:11:52', '454544111': 57.811622619628906}, {'timestamp': 1724389913, 'time': '2024-08-23 13:11:53', '454544111': 70.11325073242188}, {'timestamp': 1724389914, 'time': '2024-08-23 13:11:54', '454544111': 57.70756530761719}, {'timestamp': 1724389915, 'time': '2024-08-23 13:11:55', '454544111': 5.9989752769470215}, {'timestamp': 1724389916, 'time': '2024-08-23 13:11:56', '454544111': 14.605113983154297}, {'timestamp': 1724389917, 'time': '2024-08-23 13:11:57', '454544111': 13.410305976867676}, {'timestamp': 1724389918, 'time': '2024-08-23 13:11:58', '454544111': 53.29301834106445}, {'timestamp': 1724389919, 'time': '2024-08-23 13:11:59', '454544111': 53.51755142211914}, {'timestamp': 1724389920, 'time': '2024-08-23 13:12:00', '454544111': 92.75060272216797}, {'timestamp': 1724389921, 'time': '2024-08-23 13:12:01', '454544111': 44.25688552856445}, {'timestamp': 1724389922, 'time': '2024-08-23 13:12:02', '454544111': 55.30730438232422}, {'timestamp': 1724389923, 'time': '2024-08-23 13:12:03', '454544111': 36.58496856689453}, {'timestamp': 1724389924, 'time': '2024-08-23 13:12:04', '454544111': 4.241311073303223}, {'timestamp': 1724389925, 'time': '2024-08-23 13:12:05', '454544111': 1.149542212486267}, {'timestamp': 1724389926, 'time': '2024-08-23 13:12:06', '454544111': 45.359046936035156}, {'timestamp': 1724389927, 'time': '2024-08-23 13:12:07', '454544111': 19.94312286376953}, {'timestamp': 1724389928, 'time': '2024-08-23 13:12:08', '454544111': 92.11966705322266}, {'timestamp': 1724389929, 'time': '2024-08-23 13:12:09', '454544111': 81.14530181884766}, {'timestamp': 1724389930, 'time': '2024-08-23 13:12:10', '454544111': 33.88374710083008}, {'timestamp': 1724389931, 'time': '2024-08-23 13:12:11', '454544111': 69.51786041259766}, {'timestamp': 1724389932, 'time': '2024-08-23 13:12:12', '454544111': 92.09342193603516}, {'timestamp': 1724389933, 'time': '2024-08-23 13:12:13', '454544111': 51.71550369262695}, {'timestamp': 1724389934, 'time': '2024-08-23 13:12:14', '454544111': 43.156700134277344}, {'timestamp': 1724389935, 'time': '2024-08-23 13:12:15', '454544111': 32.47884750366211}, {'timestamp': 1724389936, 'time': '2024-08-23 13:12:16', '454544111': 39.23249816894531}, {'timestamp': 1724389937, 'time': '2024-08-23 13:12:17', '454544111': 40.9530143737793}, {'timestamp': 1724389938, 'time': '2024-08-23 13:12:18', '454544111': 21.704906463623047}, {'timestamp': 1724389939, 'time': '2024-08-23 13:12:19', '454544111': 19.461755752563477}, {'timestamp': 1724389940, 'time': '2024-08-23 13:12:20', '454544111': 67.07343292236328}, {'timestamp': 1724389941, 'time': '2024-08-23 13:12:21', '454544111': 20.422346115112305}, {'timestamp': 1724389942, 'time': '2024-08-23 13:12:22', '454544111': 3.3318071365356445}, {'timestamp': 1724389943, 'time': '2024-08-23 13:12:23', '454544111': 78.5964126586914}, {'timestamp': 1724389944, 'time': '2024-08-23 13:12:24', '454544111': 11.469765663146973}, {'timestamp': 1724389945, 'time': '2024-08-23 13:12:25', '454544111': 2.7110867500305176}, {'timestamp': 1724389946, 'time': '2024-08-23 13:12:26', '454544111': 95.54541015625}, {'timestamp': 1724389947, 'time': '2024-08-23 13:12:27', '454544111': 99.30284881591797}, {'timestamp': 1724389948, 'time': '2024-08-23 13:12:28', '454544111': 53.47005081176758}, {'timestamp': 1724389949, 'time': '2024-08-23 13:12:29', '454544111': 90.12923431396484}, {'timestamp': 1724389950, 'time': '2024-08-23 13:12:30', '454544111': 17.411725997924805}, {'timestamp': 1724389951, 'time': '2024-08-23 13:12:31', '454544111': 8.890439987182617}, {'timestamp': 1724389952, 'time': '2024-08-23 13:12:32', '454544111': 8.583535194396973}, {'timestamp': 1724389953, 'time': '2024-08-23 13:12:33', '454544111': 81.05662536621094}, {'timestamp': 1724389954, 'time': '2024-08-23 13:12:34', '454544111': 1.4121356010437012}, {'timestamp': 1724389955, 'time': '2024-08-23 13:12:35', '454544111': 95.53695678710938}, {'timestamp': 1724389956, 'time': '2024-08-23 13:12:36', '454544111': 83.35365295410156}, {'timestamp': 1724389957, 'time': '2024-08-23 13:12:37', '454544111': 45.95816421508789}, {'timestamp': 1724389958, 'time': '2024-08-23 13:12:38', '454544111': 41.033355712890625}, {'timestamp': 1724389959, 'time': '2024-08-23 13:12:39', '454544111': 16.74099349975586}, {'timestamp': 1724389960, 'time': '2024-08-23 13:12:40', '454544111': 65.32660675048828}, {'timestamp': 1724389961, 'time': '2024-08-23 13:12:41', '454544111': 72.05271911621094}, {'timestamp': 1724389962, 'time': '2024-08-23 13:12:42', '454544111': 88.36600494384766}, {'timestamp': 1724389963, 'time': '2024-08-23 13:12:43', '454544111': 97.95609283447266}, {'timestamp': 1724389964, 'time': '2024-08-23 13:12:44', '454544111': 54.44953918457031}, {'timestamp': 1724389965, 'time': '2024-08-23 13:12:45', '454544111': 91.05111694335938}, {'timestamp': 1724389966, 'time': '2024-08-23 13:12:46', '454544111': 89.74134826660156}, {'timestamp': 1724389967, 'time': '2024-08-23 13:12:47', '454544111': 72.07198333740234}, {'timestamp': 1724389968, 'time': '2024-08-23 13:12:48', '454544111': 4.6208977699279785}, {'timestamp': 1724389969, 'time': '2024-08-23 13:12:49', '454544111': 81.22314453125}, {'timestamp': 1724389970, 'time': '2024-08-23 13:12:50', '454544111': 7.198639869689941}, {'timestamp': 1724389971, 'time': '2024-08-23 13:12:51', '454544111': 17.411609649658203}, {'timestamp': 1724389972, 'time': '2024-08-23 13:12:52', '454544111': 46.18575668334961}, {'timestamp': 1724389973, 'time': '2024-08-23 13:12:53', '454544111': 8.205599784851074}, {'timestamp': 1724389974, 'time': '2024-08-23 13:12:54', '454544111': 3.2102298736572266}, {'timestamp': 1724389975, 'time': '2024-08-23 13:12:55', '454544111': 51.03215026855469}, {'timestamp': 1724389976, 'time': '2024-08-23 13:12:56', '454544111': 77.56443786621094}, {'timestamp': 1724389977, 'time': '2024-08-23 13:12:57', '454544111': 59.78783416748047}, {'timestamp': 1724389978, 'time': '2024-08-23 13:12:58', '454544111': 94.6391830444336}, {'timestamp': 1724389979, 'time': '2024-08-23 13:12:59', '454544111': 53.54621887207031}, {'timestamp': 1724389980, 'time': '2024-08-23 13:13:00', '454544111': 71.7009506225586}, {'timestamp': 1724389981, 'time': '2024-08-23 13:13:01', '454544111': 49.783958435058594}, {'timestamp': 1724389982, 'time': '2024-08-23 13:13:02', '454544111': 73.93462371826172}, {'timestamp': 1724389983, 'time': '2024-08-23 13:13:03', '454544111': 92.29657745361328}, {'timestamp': 1724389984, 'time': '2024-08-23 13:13:04', '454544111': 33.46915817260742}, {'timestamp': 1724389985, 'time': '2024-08-23 13:13:05', '454544111': 21.132373809814453}, {'timestamp': 1724389986, 'time': '2024-08-23 13:13:06', '454544111': 80.77323150634766}, {'timestamp': 1724389987, 'time': '2024-08-23 13:13:07', '454544111': 43.13420867919922}, {'timestamp': 1724389988, 'time': '2024-08-23 13:13:08', '454544111': 33.44004440307617}, {'timestamp': 1724389989, 'time': '2024-08-23 13:13:09', '454544111': 1.576035499572754}, {'timestamp': 1724389990, 'time': '2024-08-23 13:13:10', '454544111': 12.820778846740723}, {'timestamp': 1724389991, 'time': '2024-08-23 13:13:11', '454544111': 91.38906860351562}, {'timestamp': 1724389992, 'time': '2024-08-23 13:13:12', '454544111': 43.456233978271484}, {'timestamp': 1724389993, 'time': '2024-08-23 13:13:13', '454544111': 42.68217086791992}, {'timestamp': 1724389994, 'time': '2024-08-23 13:13:14', '454544111': 23.99769401550293}, {'timestamp': 1724389995, 'time': '2024-08-23 13:13:15', '454544111': 44.42426300048828}, {'timestamp': 1724389996, 'time': '2024-08-23 13:13:16', '454544111': 0.12868106365203857}, {'timestamp': 1724389997, 'time': '2024-08-23 13:13:17', '454544111': 21.882884979248047}, {'timestamp': 1724389998, 'time': '2024-08-23 13:13:18', '454544111': 60.916316986083984}, {'timestamp': 1724389999, 'time': '2024-08-23 13:13:19', '454544111': 22.430191040039062}, {'timestamp': 1724390000, 'time': '2024-08-23 13:13:20', '454544111': 48.92986297607422}, {'timestamp': 1724390001, 'time': '2024-08-23 13:13:21', '454544111': 23.376708984375}, {'timestamp': 1724390002, 'time': '2024-08-23 13:13:22', '454544111': 67.98091888427734}, {'timestamp': 1724390003, 'time': '2024-08-23 13:13:23', '454544111': 87.63375091552734}, {'timestamp': 1724390004, 'time': '2024-08-23 13:13:24', '454544111': 52.12284851074219}, {'timestamp': 1724390005, 'time': '2024-08-23 13:13:25', '454544111': 40.90251541137695}, {'timestamp': 1724390006, 'time': '2024-08-23 13:13:26', '454544111': 85.82310485839844}, {'timestamp': 1724390007, 'time': '2024-08-23 13:13:27', '454544111': 41.71633529663086}, {'timestamp': 1724390008, 'time': '2024-08-23 13:13:28', '454544111': 84.62217712402344}, {'timestamp': 1724390009, 'time': '2024-08-23 13:13:29', '454544111': 80.71147918701172}, {'timestamp': 1724390010, 'time': '2024-08-23 13:13:30', '454544111': 95.27106475830078}, {'timestamp': 1724390011, 'time': '2024-08-23 13:13:31', '454544111': 41.17195510864258}, {'timestamp': 1724390012, 'time': '2024-08-23 13:13:32', '454544111': 9.116162300109863}, {'timestamp': 1724390013, 'time': '2024-08-23 13:13:33', '454544111': 32.928070068359375}, {'timestamp': 1724390014, 'time': '2024-08-23 13:13:34', '454544111': 57.41936111450195}, {'timestamp': 1724390015, 'time': '2024-08-23 13:13:35', '454544111': 77.79618835449219}, {'timestamp': 1724390016, 'time': '2024-08-23 13:13:36', '454544111': 69.74063110351562}, {'timestamp': 1724390017, 'time': '2024-08-23 13:13:37', '454544111': 28.68618392944336}, {'timestamp': 1724390018, 'time': '2024-08-23 13:13:38', '454544111': 48.374267578125}, {'timestamp': 1724390019, 'time': '2024-08-23 13:13:39', '454544111': 67.17596435546875}, {'timestamp': 1724390020, 'time': '2024-08-23 13:13:40', '454544111': 14.133509635925293}, {'timestamp': 1724390021, 'time': '2024-08-23 13:13:41', '454544111': 25.77967643737793}, {'timestamp': 1724390022, 'time': '2024-08-23 13:13:42', '454544111': 85.94514465332031}, {'timestamp': 1724390023, 'time': '2024-08-23 13:13:43', '454544111': 59.1776237487793}, {'timestamp': 1724390024, 'time': '2024-08-23 13:13:44', '454544111': 38.39555358886719}, {'timestamp': 1724390025, 'time': '2024-08-23 13:13:45', '454544111': 88.05598449707031}, {'timestamp': 1724390026, 'time': '2024-08-23 13:13:46', '454544111': 82.9949951171875}, {'timestamp': 1724390027, 'time': '2024-08-23 13:13:47', '454544111': 10.291356086730957}, {'timestamp': 1724390028, 'time': '2024-08-23 13:13:48', '454544111': 78.78607940673828}, {'timestamp': 1724390029, 'time': '2024-08-23 13:13:49', '454544111': 58.5716667175293}, {'timestamp': 1724390030, 'time': '2024-08-23 13:13:50', '454544111': 26.80267906188965}, {'timestamp': 1724390031, 'time': '2024-08-23 13:13:51', '454544111': 5.969991683959961}, {'timestamp': 1724390032, 'time': '2024-08-23 13:13:52', '454544111': 25.54413414001465}, {'timestamp': 1724390033, 'time': '2024-08-23 13:13:53', '454544111': 92.51261138916016}, {'timestamp': 1724390034, 'time': '2024-08-23 13:13:54', '454544111': 91.14653778076172}, {'timestamp': 1724390035, 'time': '2024-08-23 13:13:55', '454544111': 25.247209548950195}, {'timestamp': 1724390036, 'time': '2024-08-23 13:13:56', '454544111': 99.01499938964844}, {'timestamp': 1724390037, 'time': '2024-08-23 13:13:57', '454544111': 93.44398498535156}, {'timestamp': 1724390038, 'time': '2024-08-23 13:13:58', '454544111': 19.480939865112305}, {'timestamp': 1724390039, 'time': '2024-08-23 13:13:59', '454544111': 53.47925567626953}, {'timestamp': 1724390040, 'time': '2024-08-23 13:14:00', '454544111': 62.78350830078125}, {'timestamp': 1724390041, 'time': '2024-08-23 13:14:01', '454544111': 23.817054748535156}, {'timestamp': 1724390042, 'time': '2024-08-23 13:14:02', '454544111': 5.478326797485352}, {'timestamp': 1724390043, 'time': '2024-08-23 13:14:03', '454544111': 53.138126373291016}, {'timestamp': 1724390044, 'time': '2024-08-23 13:14:04', '454544111': 46.64641189575195}, {'timestamp': 1724390045, 'time': '2024-08-23 13:14:05', '454544111': 32.016544342041016}, {'timestamp': 1724390046, 'time': '2024-08-23 13:14:06', '454544111': 43.34159469604492}, {'timestamp': 1724390047, 'time': '2024-08-23 13:14:07', '454544111': 37.32251739501953}, {'timestamp': 1724390048, 'time': '2024-08-23 13:14:08', '454544111': 43.302947998046875}, {'timestamp': 1724390049, 'time': '2024-08-23 13:14:09', '454544111': 93.22819519042969}, {'timestamp': 1724390050, 'time': '2024-08-23 13:14:10', '454544111': 77.19216918945312}, {'timestamp': 1724390051, 'time': '2024-08-23 13:14:11', '454544111': 72.8845443725586}, {'timestamp': 1724390052, 'time': '2024-08-23 13:14:12', '454544111': 93.2272720336914}, {'timestamp': 1724390053, 'time': '2024-08-23 13:14:13', '454544111': 69.799560546875}, {'timestamp': 1724390054, 'time': '2024-08-23 13:14:14', '454544111': 78.71137237548828}, {'timestamp': 1724390055, 'time': '2024-08-23 13:14:15', '454544111': 58.16501235961914}, {'timestamp': 1724390056, 'time': '2024-08-23 13:14:16', '454544111': 34.531917572021484}, {'timestamp': 1724390057, 'time': '2024-08-23 13:14:17', '454544111': 9.251141548156738}, {'timestamp': 1724390058, 'time': '2024-08-23 13:14:18', '454544111': 99.38478088378906}, {'timestamp': 1724390059, 'time': '2024-08-23 13:14:19', '454544111': 63.260807037353516}, {'timestamp': 1724390060, 'time': '2024-08-23 13:14:20', '454544111': 32.140560150146484}, {'timestamp': 1724390061, 'time': '2024-08-23 13:14:21', '454544111': 89.78218841552734}, {'timestamp': 1724390062, 'time': '2024-08-23 13:14:22', '454544111': 87.56230163574219}, {'timestamp': 1724390063, 'time': '2024-08-23 13:14:23', '454544111': 24.003589630126953}, {'timestamp': 1724390064, 'time': '2024-08-23 13:14:24', '454544111': 94.02908325195312}, {'timestamp': 1724390065, 'time': '2024-08-23 13:14:25', '454544111': 52.791015625}, {'timestamp': 1724390066, 'time': '2024-08-23 13:14:26', '454544111': 81.51978302001953}, {'timestamp': 1724390067, 'time': '2024-08-23 13:14:27', '454544111': 85.32345581054688}, {'timestamp': 1724390068, 'time': '2024-08-23 13:14:28', '454544111': 65.30389404296875}, {'timestamp': 1724390069, 'time': '2024-08-23 13:14:29', '454544111': 46.10151290893555}, {'timestamp': 1724390070, 'time': '2024-08-23 13:14:30', '454544111': 73.19379425048828}, {'timestamp': 1724390071, 'time': '2024-08-23 13:14:31', '454544111': 84.5036392211914}, {'timestamp': 1724390072, 'time': '2024-08-23 13:14:32', '454544111': 5.445382595062256}, {'timestamp': 1724390073, 'time': '2024-08-23 13:14:33', '454544111': 55.152679443359375}, {'timestamp': 1724390074, 'time': '2024-08-23 13:14:34', '454544111': 52.603538513183594}, {'timestamp': 1724390075, 'time': '2024-08-23 13:14:35', '454544111': 12.992806434631348}, {'timestamp': 1724390076, 'time': '2024-08-23 13:14:36', '454544111': 60.13920211791992}, {'timestamp': 1724390077, 'time': '2024-08-23 13:14:37', '454544111': 85.9351806640625}, {'timestamp': 1724390078, 'time': '2024-08-23 13:14:38', '454544111': 55.82462692260742}, {'timestamp': 1724390079, 'time': '2024-08-23 13:14:39', '454544111': 87.440673828125}, {'timestamp': 1724390080, 'time': '2024-08-23 13:14:40', '454544111': 13.031715393066406}, {'timestamp': 1724390081, 'time': '2024-08-23 13:14:41', '454544111': 89.5446548461914}, {'timestamp': 1724390082, 'time': '2024-08-23 13:14:42', '454544111': 91.82129669189453}, {'timestamp': 1724390083, 'time': '2024-08-23 13:14:43', '454544111': 10.912423133850098}, {'timestamp': 1724390084, 'time': '2024-08-23 13:14:44', '454544111': 50.7664909362793}, {'timestamp': 1724390085, 'time': '2024-08-23 13:14:45', '454544111': 77.42058563232422}, {'timestamp': 1724390086, 'time': '2024-08-23 13:14:46', '454544111': 38.883033752441406}, {'timestamp': 1724390087, 'time': '2024-08-23 13:14:47', '454544111': 7.854958534240723}, {'timestamp': 1724390088, 'time': '2024-08-23 13:14:48', '454544111': 75.45137023925781}, {'timestamp': 1724390089, 'time': '2024-08-23 13:14:49', '454544111': 12.732808113098145}, {'timestamp': 1724390090, 'time': '2024-08-23 13:14:50', '454544111': 8.900616645812988}, {'timestamp': 1724390091, 'time': '2024-08-23 13:14:51', '454544111': 9.251898765563965}, {'timestamp': 1724390092, 'time': '2024-08-23 13:14:52', '454544111': 60.71202850341797}, {'timestamp': 1724390093, 'time': '2024-08-23 13:14:53', '454544111': 56.262386322021484}, {'timestamp': 1724390094, 'time': '2024-08-23 13:14:54', '454544111': 48.447818756103516}, {'timestamp': 1724390095, 'time': '2024-08-23 13:14:55', '454544111': 96.3377456665039}, {'timestamp': 1724390096, 'time': '2024-08-23 13:14:56', '454544111': 46.826351165771484}, {'timestamp': 1724390097, 'time': '2024-08-23 13:14:57', '454544111': 24.591047286987305}, {'timestamp': 1724390098, 'time': '2024-08-23 13:14:58', '454544111': 59.463924407958984}, {'timestamp': 1724390099, 'time': '2024-08-23 13:14:59', '454544111': 40.16672897338867}, {'timestamp': 1724390100, 'time': '2024-08-23 13:15:00', '454544111': 62.24025344848633}, {'timestamp': 1724390101, 'time': '2024-08-23 13:15:01', '454544111': 91.17063903808594}, {'timestamp': 1724390102, 'time': '2024-08-23 13:15:02', '454544111': 92.48422241210938}, {'timestamp': 1724390103, 'time': '2024-08-23 13:15:03', '454544111': 16.926156997680664}, {'timestamp': 1724390104, 'time': '2024-08-23 13:15:04', '454544111': 23.095783233642578}, {'timestamp': 1724390105, 'time': '2024-08-23 13:15:05', '454544111': 84.05833435058594}, {'timestamp': 1724390106, 'time': '2024-08-23 13:15:06', '454544111': 89.50946044921875}, {'timestamp': 1724390107, 'time': '2024-08-23 13:15:07', '454544111': 69.26216125488281}, {'timestamp': 1724390108, 'time': '2024-08-23 13:15:08', '454544111': 69.5369873046875}, {'timestamp': 1724390109, 'time': '2024-08-23 13:15:09', '454544111': 79.06957244873047}, {'timestamp': 1724390110, 'time': '2024-08-23 13:15:10', '454544111': 28.31041145324707}, {'timestamp': 1724390111, 'time': '2024-08-23 13:15:11', '454544111': 14.996772766113281}, {'timestamp': 1724390112, 'time': '2024-08-23 13:15:12', '454544111': 59.88104248046875}, {'timestamp': 1724390113, 'time': '2024-08-23 13:15:13', '454544111': 9.05026626586914}, {'timestamp': 1724390114, 'time': '2024-08-23 13:15:14', '454544111': 14.614108085632324}, {'timestamp': 1724390115, 'time': '2024-08-23 13:15:15', '454544111': 66.58705139160156}, {'timestamp': 1724390116, 'time': '2024-08-23 13:15:16', '454544111': 79.41242218017578}, {'timestamp': 1724390117, 'time': '2024-08-23 13:15:17', '454544111': 72.2406234741211}, {'timestamp': 1724390118, 'time': '2024-08-23 13:15:18', '454544111': 99.35533142089844}, {'timestamp': 1724390119, 'time': '2024-08-23 13:15:19', '454544111': 64.46035766601562}, {'timestamp': 1724390120, 'time': '2024-08-23 13:15:20', '454544111': 60.675804138183594}, {'timestamp': 1724390121, 'time': '2024-08-23 13:15:21', '454544111': 42.53120422363281}, {'timestamp': 1724390122, 'time': '2024-08-23 13:15:22', '454544111': 76.44401550292969}, {'timestamp': 1724390123, 'time': '2024-08-23 13:15:23', '454544111': 79.75005340576172}, {'timestamp': 1724390124, 'time': '2024-08-23 13:15:24', '454544111': 62.77510070800781}, {'timestamp': 1724390125, 'time': '2024-08-23 13:15:25', '454544111': 30.928787231445312}, {'timestamp': 1724390126, 'time': '2024-08-23 13:15:26', '454544111': 44.13738250732422}, {'timestamp': 1724390127, 'time': '2024-08-23 13:15:27', '454544111': 56.388671875}, {'timestamp': 1724390128, 'time': '2024-08-23 13:15:28', '454544111': 38.337120056152344}, {'timestamp': 1724390129, 'time': '2024-08-23 13:15:29', '454544111': 95.45164489746094}, {'timestamp': 1724390130, 'time': '2024-08-23 13:15:30', '454544111': 83.94929504394531}, {'timestamp': 1724390131, 'time': '2024-08-23 13:15:31', '454544111': 82.03357696533203}, {'timestamp': 1724390132, 'time': '2024-08-23 13:15:32', '454544111': 33.65992736816406}, {'timestamp': 1724390133, 'time': '2024-08-23 13:15:33', '454544111': 65.5471420288086}, {'timestamp': 1724390134, 'time': '2024-08-23 13:15:34', '454544111': 47.437652587890625}, {'timestamp': 1724390135, 'time': '2024-08-23 13:15:35', '454544111': 80.93494415283203}, {'timestamp': 1724390136, 'time': '2024-08-23 13:15:36', '454544111': 77.28218078613281}, {'timestamp': 1724390137, 'time': '2024-08-23 13:15:37', '454544111': 16.441608428955078}, {'timestamp': 1724390138, 'time': '2024-08-23 13:15:38', '454544111': 14.753765106201172}, {'timestamp': 1724390139, 'time': '2024-08-23 13:15:39', '454544111': 24.5862979888916}, {'timestamp': 1724390140, 'time': '2024-08-23 13:15:40', '454544111': 44.554786682128906}, {'timestamp': 1724390141, 'time': '2024-08-23 13:15:41', '454544111': 2.9033305644989014}, {'timestamp': 1724390142, 'time': '2024-08-23 13:15:42', '454544111': 29.72979164123535}, {'timestamp': 1724390143, 'time': '2024-08-23 13:15:43', '454544111': 1.0784496068954468}, {'timestamp': 1724390144, 'time': '2024-08-23 13:15:44', '454544111': 42.97602462768555}, {'timestamp': 1724390145, 'time': '2024-08-23 13:15:45', '454544111': 96.09375762939453}, {'timestamp': 1724390146, 'time': '2024-08-23 13:15:46', '454544111': 8.271101951599121}, {'timestamp': 1724390147, 'time': '2024-08-23 13:15:47', '454544111': 59.71907424926758}, {'timestamp': 1724390148, 'time': '2024-08-23 13:15:48', '454544111': 38.40929412841797}, {'timestamp': 1724390149, 'time': '2024-08-23 13:15:49', '454544111': 78.29117584228516}, {'timestamp': 1724390150, 'time': '2024-08-23 13:15:50', '454544111': 8.91982364654541}, {'timestamp': 1724390151, 'time': '2024-08-23 13:15:51', '454544111': 80.62517547607422}, {'timestamp': 1724390152, 'time': '2024-08-23 13:15:52', '454544111': 55.02300262451172}, {'timestamp': 1724390153, 'time': '2024-08-23 13:15:53', '454544111': 10.715500831604004}, {'timestamp': 1724390154, 'time': '2024-08-23 13:15:54', '454544111': 8.193167686462402}, {'timestamp': 1724390155, 'time': '2024-08-23 13:15:55', '454544111': 75.54347229003906}, {'timestamp': 1724390156, 'time': '2024-08-23 13:15:56', '454544111': 23.850595474243164}, {'timestamp': 1724390157, 'time': '2024-08-23 13:15:57', '454544111': 26.00257110595703}, {'timestamp': 1724390158, 'time': '2024-08-23 13:15:58', '454544111': 70.89138793945312}, {'timestamp': 1724390159, 'time': '2024-08-23 13:15:59', '454544111': 85.9462661743164}, {'timestamp': 1724390160, 'time': '2024-08-23 13:16:00', '454544111': 51.35469436645508}, {'timestamp': 1724390161, 'time': '2024-08-23 13:16:01', '454544111': 76.11172485351562}, {'timestamp': 1724390162, 'time': '2024-08-23 13:16:02', '454544111': 95.07270050048828}, {'timestamp': 1724390163, 'time': '2024-08-23 13:16:03', '454544111': 40.75498580932617}, {'timestamp': 1724390164, 'time': '2024-08-23 13:16:04', '454544111': 95.96125793457031}, {'timestamp': 1724390165, 'time': '2024-08-23 13:16:05', '454544111': 24.98990249633789}, {'timestamp': 1724390166, 'time': '2024-08-23 13:16:06', '454544111': 34.725406646728516}, {'timestamp': 1724390167, 'time': '2024-08-23 13:16:07', '454544111': 90.86324310302734}, {'timestamp': 1724390168, 'time': '2024-08-23 13:16:08', '454544111': 59.379695892333984}, {'timestamp': 1724390169, 'time': '2024-08-23 13:16:09', '454544111': 80.39696502685547}, {'timestamp': 1724390170, 'time': '2024-08-23 13:16:10', '454544111': 24.642282485961914}, {'timestamp': 1724390171, 'time': '2024-08-23 13:16:11', '454544111': 72.29315948486328}, {'timestamp': 1724390172, 'time': '2024-08-23 13:16:12', '454544111': 57.18947219848633}, {'timestamp': 1724390173, 'time': '2024-08-23 13:16:13', '454544111': 91.39696502685547}, {'timestamp': 1724390174, 'time': '2024-08-23 13:16:14', '454544111': 74.26050567626953}, {'timestamp': 1724390175, 'time': '2024-08-23 13:16:15', '454544111': 86.94196319580078}, {'timestamp': 1724390176, 'time': '2024-08-23 13:16:16', '454544111': 18.43462371826172}, {'timestamp': 1724390177, 'time': '2024-08-23 13:16:17', '454544111': 58.98857116699219}, {'timestamp': 1724390178, 'time': '2024-08-23 13:16:18', '454544111': 31.7932186126709}, {'timestamp': 1724390179, 'time': '2024-08-23 13:16:19', '454544111': 68.00614929199219}, {'timestamp': 1724390180, 'time': '2024-08-23 13:16:20', '454544111': 26.739898681640625}, {'timestamp': 1724390181, 'time': '2024-08-23 13:16:21', '454544111': 85.20335388183594}, {'timestamp': 1724390182, 'time': '2024-08-23 13:16:22', '454544111': 32.59547805786133}, {'timestamp': 1724390183, 'time': '2024-08-23 13:16:23', '454544111': 77.69032287597656}, {'timestamp': 1724390184, 'time': '2024-08-23 13:16:24', '454544111': 7.566740989685059}, {'timestamp': 1724390185, 'time': '2024-08-23 13:16:25', '454544111': 12.030603408813477}, {'timestamp': 1724390186, 'time': '2024-08-23 13:16:26', '454544111': 47.420799255371094}, {'timestamp': 1724390187, 'time': '2024-08-23 13:16:27', '454544111': 73.61613464355469}, {'timestamp': 1724390188, 'time': '2024-08-23 13:16:28', '454544111': 97.20018768310547}, {'timestamp': 1724390189, 'time': '2024-08-23 13:16:29', '454544111': 10.047992706298828}, {'timestamp': 1724390190, 'time': '2024-08-23 13:16:30', '454544111': 73.143798828125}, {'timestamp': 1724390191, 'time': '2024-08-23 13:16:31', '454544111': 76.20833587646484}, {'timestamp': 1724390192, 'time': '2024-08-23 13:16:32', '454544111': 99.27230834960938}, {'timestamp': 1724390193, 'time': '2024-08-23 13:16:33', '454544111': 12.031264305114746}, {'timestamp': 1724390194, 'time': '2024-08-23 13:16:34', '454544111': 77.77787780761719}, {'timestamp': 1724390195, 'time': '2024-08-23 13:16:35', '454544111': 92.22119140625}, {'timestamp': 1724390196, 'time': '2024-08-23 13:16:36', '454544111': 15.824667930603027}, {'timestamp': 1724390197, 'time': '2024-08-23 13:16:37', '454544111': 69.9615249633789}, {'timestamp': 1724390198, 'time': '2024-08-23 13:16:38', '454544111': 88.73223114013672}, {'timestamp': 1724390199, 'time': '2024-08-23 13:16:39', '454544111': 44.55886459350586}, {'timestamp': 1724390200, 'time': '2024-08-23 13:16:40', '454544111': 55.65838623046875}, {'timestamp': 1724390201, 'time': '2024-08-23 13:16:41', '454544111': 88.58869934082031}, {'timestamp': 1724390202, 'time': '2024-08-23 13:16:42', '454544111': 32.269737243652344}, {'timestamp': 1724390203, 'time': '2024-08-23 13:16:43', '454544111': 30.99278450012207}, {'timestamp': 1724390204, 'time': '2024-08-23 13:16:44', '454544111': 86.2061767578125}, {'timestamp': 1724390205, 'time': '2024-08-23 13:16:45', '454544111': 48.173770904541016}, {'timestamp': 1724390206, 'time': '2024-08-23 13:16:46', '454544111': 29.327695846557617}, {'timestamp': 1724390207, 'time': '2024-08-23 13:16:47', '454544111': 57.31850814819336}, {'timestamp': 1724390208, 'time': '2024-08-23 13:16:48', '454544111': 89.50198364257812}, {'timestamp': 1724390209, 'time': '2024-08-23 13:16:49', '454544111': 59.5036506652832}, {'timestamp': 1724390210, 'time': '2024-08-23 13:16:50', '454544111': 57.92025375366211}, {'timestamp': 1724390211, 'time': '2024-08-23 13:16:51', '454544111': 4.872662544250488}, {'timestamp': 1724390212, 'time': '2024-08-23 13:16:52', '454544111': 12.782573699951172}, {'timestamp': 1724390213, 'time': '2024-08-23 13:16:53', '454544111': 8.643670082092285}, {'timestamp': 1724390214, 'time': '2024-08-23 13:16:54', '454544111': 0.8774479031562805}, {'timestamp': 1724390215, 'time': '2024-08-23 13:16:55', '454544111': 9.369139671325684}, {'timestamp': 1724390216, 'time': '2024-08-23 13:16:56', '454544111': 45.83945846557617}, {'timestamp': 1724390217, 'time': '2024-08-23 13:16:57', '454544111': 55.22775650024414}, {'timestamp': 1724390218, 'time': '2024-08-23 13:16:58', '454544111': 7.243717670440674}, {'timestamp': 1724390219, 'time': '2024-08-23 13:16:59', '454544111': 10.47154712677002}, {'timestamp': 1724390220, 'time': '2024-08-23 13:17:00', '454544111': 90.36610412597656}, {'timestamp': 1724390221, 'time': '2024-08-23 13:17:01', '454544111': 31.571102142333984}, {'timestamp': 1724390222, 'time': '2024-08-23 13:17:02', '454544111': 50.89081573486328}, {'timestamp': 1724390223, 'time': '2024-08-23 13:17:03', '454544111': 56.21913528442383}, {'timestamp': 1724390224, 'time': '2024-08-23 13:17:04', '454544111': 86.67584228515625}, {'timestamp': 1724390225, 'time': '2024-08-23 13:17:05', '454544111': 84.09906005859375}, {'timestamp': 1724390226, 'time': '2024-08-23 13:17:06', '454544111': 88.7384262084961}, {'timestamp': 1724390227, 'time': '2024-08-23 13:17:07', '454544111': 13.354094505310059}, {'timestamp': 1724390228, 'time': '2024-08-23 13:17:08', '454544111': 15.319710731506348}, {'timestamp': 1724390229, 'time': '2024-08-23 13:17:09', '454544111': 32.199188232421875}, {'timestamp': 1724390230, 'time': '2024-08-23 13:17:10', '454544111': 76.64540100097656}, {'timestamp': 1724390231, 'time': '2024-08-23 13:17:11', '454544111': 25.77281379699707}, {'timestamp': 1724390232, 'time': '2024-08-23 13:17:12', '454544111': 81.98187255859375}, {'timestamp': 1724390233, 'time': '2024-08-23 13:17:13', '454544111': 8.086788177490234}, {'timestamp': 1724390234, 'time': '2024-08-23 13:17:14', '454544111': 42.19569396972656}, {'timestamp': 1724390235, 'time': '2024-08-23 13:17:15', '454544111': 12.393919944763184}, {'timestamp': 1724390236, 'time': '2024-08-23 13:17:16', '454544111': 12.708638191223145}, {'timestamp': 1724390237, 'time': '2024-08-23 13:17:17', '454544111': 93.15625762939453}, {'timestamp': 1724390238, 'time': '2024-08-23 13:17:18', '454544111': 55.43083953857422}, {'timestamp': 1724390239, 'time': '2024-08-23 13:17:19', '454544111': 73.16605377197266}, {'timestamp': 1724390240, 'time': '2024-08-23 13:17:20', '454544111': 43.60881042480469}, {'timestamp': 1724390241, 'time': '2024-08-23 13:17:21', '454544111': 41.94388961791992}, {'timestamp': 1724390242, 'time': '2024-08-23 13:17:22', '454544111': 28.018218994140625}, {'timestamp': 1724390243, 'time': '2024-08-23 13:17:23', '454544111': 17.141735076904297}, {'timestamp': 1724390244, 'time': '2024-08-23 13:17:24', '454544111': 8.490717887878418}, {'timestamp': 1724390245, 'time': '2024-08-23 13:17:25', '454544111': 78.5494613647461}, {'timestamp': 1724390246, 'time': '2024-08-23 13:17:26', '454544111': 48.26742172241211}, {'timestamp': 1724390247, 'time': '2024-08-23 13:17:27', '454544111': 80.2555160522461}, {'timestamp': 1724390248, 'time': '2024-08-23 13:17:28', '454544111': 22.1124210357666}, {'timestamp': 1724390249, 'time': '2024-08-23 13:17:29', '454544111': 29.44118309020996}, {'timestamp': 1724390250, 'time': '2024-08-23 13:17:30', '454544111': 13.210840225219727}, {'timestamp': 1724390251, 'time': '2024-08-23 13:17:31', '454544111': 88.7499771118164}, {'timestamp': 1724390252, 'time': '2024-08-23 13:17:32', '454544111': 6.354456901550293}, {'timestamp': 1724390253, 'time': '2024-08-23 13:17:33', '454544111': 92.39838409423828}, {'timestamp': 1724390254, 'time': '2024-08-23 13:17:34', '454544111': 16.3120174407959}, {'timestamp': 1724390255, 'time': '2024-08-23 13:17:35', '454544111': 78.14512634277344}, {'timestamp': 1724390256, 'time': '2024-08-23 13:17:36', '454544111': 6
[...]
<status status="PASS" start="2024-09-29T11:03:45.208734" elapsed="0.000996"/>
</kw>
<kw name="Get From Dictionary" owner="Collections">
<msg time="2024-09-29T11:03:45.209730" level="INFO">${code} = 00000</msg>
<var>${code}</var>
<arg>${dict}</arg>
<arg>code</arg>
<doc>Returns a value from the given ``dictionary`` based on the given ``key``.</doc>
<status status="PASS" start="2024-09-29T11:03:45.209730" elapsed="0.000000"/>
</kw>
<kw name="Get From Dictionary" owner="Collections">
<msg time="2024-09-29T11:03:45.209730" level="INFO">${data} = {'cdbm8403': {'value': 98.385, 'timestamp': 1727579103759, 'time': '2024-09-29 11:05:03'}}</msg>
<var>${data}</var>
<arg>${dict}</arg>
<arg>data</arg>
<doc>Returns a value from the given ``dictionary`` based on the given ``key``.</doc>
<status status="PASS" start="2024-09-29T11:03:45.209730" elapsed="0.000000"/>
</kw>
<kw name="Should Be Equal As Strings" owner="BuiltIn">
<arg>${code}</arg>
<arg>00000</arg>
<doc>Fails if objects are unequal after converting them to strings.</doc>
<status status="PASS" start="2024-09-29T11:03:45.209730" elapsed="0.000000"/>
</kw>
<kw name="Should Be Equal As Strings" owner="BuiltIn">
<msg time="2024-09-29T11:03:45.210727" level="INFO">Argument types are:
&lt;class 'int'&gt;
&lt;class 'str'&gt;</msg>
<arg>${resp.status_code}</arg>
<arg>200</arg>
<doc>Fails if objects are unequal after converting them to strings.</doc>
<status status="PASS" start="2024-09-29T11:03:45.209730" elapsed="0.000997"/>
</kw>
<status status="PASS" start="2024-09-29T11:03:45.153191" elapsed="0.057536"/>
</test>
<test id="s1-t6" name="批量获取参数的增量值-post-查询结果为空" line="126">
<kw name="Login token" owner="公共配置">
<kw name="Create Dictionary" owner="BuiltIn">
<msg time="2024-09-29T11:03:45.211729" level="INFO">&amp;{header} = { content-type=application/json }</msg>
<var>&amp;{header}</var>
<arg>content-type=${content-type}</arg>
<doc>Creates and returns a dictionary based on the given ``items``.</doc>
<status status="PASS" start="2024-09-29T11:03:45.211729" elapsed="0.000000"/>
</kw>
<kw name="Create Session" owner="RequestsLibrary">
<msg time="2024-09-29T11:03:45.211729" level="INFO">Creating Session using : alias=nmb, url=http://192.167.0.17:5020, headers={'content-type': 'application/json'},                     cookies={}, auth=None, timeout=None, proxies=None, verify=False,                     debug=0 </msg>
<arg>nmb</arg>
<arg>http://192.167.0.17:5020</arg>
<arg>headers=&amp;{header}</arg>
<doc>Create Session: create a HTTP session to a server</doc>
<status status="PASS" start="2024-09-29T11:03:45.211729" elapsed="0.000000"/>
</kw>
<kw name="Create Dictionary" owner="BuiltIn">
<msg time="2024-09-29T11:03:45.211729" level="INFO">&amp;{data} = { account=admin_iif | password=QWRtaW5fMTIz }</msg>
<var>&amp;{data}</var>
<arg>account=${username}</arg>
<arg>password=${password}</arg>
<doc>Creates and returns a dictionary based on the given ``items``.</doc>
<status status="PASS" start="2024-09-29T11:03:45.211729" elapsed="0.000000"/>
</kw>
<kw name="Post Request" owner="RequestsLibrary">
<msg time="2024-09-29T11:03:45.212730" level="WARN">Keyword 'RequestsLibrary.Post Request' is deprecated. Please use `POST On Session` instead.</msg>
<msg time="2024-09-29T11:03:45.230823" level="INFO">POST Request : url=http://192.167.0.17:5020/api/sys-manage/user/login 
 path_url=/api/sys-manage/user/login 
 headers={'User-Agent': 'python-requests/2.32.3', 'Accept-Encoding': 'gzip, deflate', 'Accept': '*/*', 'Connection': 'keep-alive', 'content-type': 'application/json', 'Content-Length': '52'} 
 body={"account": "admin_iif", "password": "QWRtaW5fMTIz"} 
 </msg>
<msg time="2024-09-29T11:03:45.230823" level="INFO">POST Response : url=http://192.167.0.17:5020/api/sys-manage/user/login 
 status=200, reason=OK 
 headers={'Server': 'nginx/1.13.8', 'Date': 'Sun, 29 Sep 2024 03:05:04 GMT', 'Content-Type': 'application/json', 'Content-Length': '682', 'Connection': 'keep-alive', 'Cache-Control': 'no-cache, no-store, must-revalidate', 'Pragma': 'no-cache'} 
 body={"code":0,"message":"success","result":{"userName":"\u8d85\u7ea7\u7ba1\u7406\u5458","account":"admin_iif","deptName":null,"accessToken":"eyJhbGciOiJIUzI1NiIsInR5cCI6IkpXVCJ9.eyJmcmVzaCI6ZmFsc2UsImlhdCI6MTcyNzU3OTEwNCwianRpIjoiOTQ2M2Y4YTYtNjgyMC00OGZkLTljYTUtYzc2MzEyYjI3ZjEzIiwidHlwZSI6ImFjY2VzcyIsInN1YiI6MSwibmJmIjoxNzI3NTc5MTA0LCJleHAiOjE3Mjc1ODYzMDR9.QU5rZgoPuLajv-7CpiY3l44LD2OBKLd20OVAPtUPyRc","refreshToken":"eyJhbGciOiJIUzI1NiIsInR5cCI6IkpXVCJ9.eyJmcmVzaCI6ZmFsc2UsImlhdCI6MTcyNzU3OTEwNCwianRpIjoiOTkyODBhYjQtYTQ3Ni00NWFkLWE3OTgtNjE5OGEyODBjOGNkIiwidHlwZSI6InJlZnJlc2giLCJzdWIiOjEsIm5iZiI6MTcyNzU3OTEwNCwiZXhwIjoxNzMwMTcxMTA0fQ.Z1aaRUIi374jU-am8Xz4YORHRAZhTYY9UHfcNuOvKO0"}} 
 </msg>
<msg time="2024-09-29T11:03:45.230823" level="INFO">${resp} = &lt;Response [200]&gt;</msg>
<var>${resp}</var>
<arg>nmb</arg>
<arg>${loginurl}</arg>
<arg>data=&amp;{data}</arg>
<doc>*DEPRECATED* Please use `POST On Session` instead.</doc>
<status status="PASS" start="2024-09-29T11:03:45.212730" elapsed="0.018093"/>
</kw>
<kw name="Set Variable" owner="BuiltIn">
<msg time="2024-09-29T11:03:45.231824" level="INFO">${dict} = {'code': 0, 'message': 'success', 'result': {'userName': '超级管理员', 'account': 'admin_iif', 'deptName': None, 'accessToken': 'eyJhbGciOiJIUzI1NiIsInR5cCI6IkpXVCJ9.eyJmcmVzaCI6ZmFsc2UsImlhdCI6MTcyNzU3OTE...</msg>
<var>${dict}</var>
<arg>${resp.json()}</arg>
<doc>Returns the given values which can then be assigned to a variables.</doc>
<status status="PASS" start="2024-09-29T11:03:45.230823" elapsed="0.001001"/>
</kw>
<kw name="Get From Dictionary" owner="Collections">
<msg time="2024-09-29T11:03:45.231824" level="INFO">${result} = {'userName': '超级管理员', 'account': 'admin_iif', 'deptName': None, 'accessToken': 'eyJhbGciOiJIUzI1NiIsInR5cCI6IkpXVCJ9.eyJmcmVzaCI6ZmFsc2UsImlhdCI6MTcyNzU3OTEwNCwianRpIjoiOTQ2M2Y4YTYtNjgyMC00OGZkLTljYTU...</msg>
<var>${result}</var>
<arg>${dict}</arg>
<arg>result</arg>
<doc>Returns a value from the given ``dictionary`` based on the given ``key``.</doc>
<status status="PASS" start="2024-09-29T11:03:45.231824" elapsed="0.000000"/>
</kw>
<kw name="Evaluate" owner="BuiltIn">
<msg time="2024-09-29T11:03:45.231824" level="INFO">${result} = {'userName': '超级管理员', 'account': 'admin_iif', 'deptName': None, 'accessToken': 'eyJhbGciOiJIUzI1NiIsInR5cCI6IkpXVCJ9.eyJmcmVzaCI6ZmFsc2UsImlhdCI6MTcyNzU3OTEwNCwianRpIjoiOTQ2M2Y4YTYtNjgyMC00OGZkLTljYTU...</msg>
<var>${result}</var>
<arg>dict(${result})</arg>
<doc>Evaluates the given expression in Python and returns the result.</doc>
<status status="PASS" start="2024-09-29T11:03:45.231824" elapsed="0.000000"/>
</kw>
<kw name="Get From Dictionary" owner="Collections">
<msg time="2024-09-29T11:03:45.231824" level="INFO">${accessToken} = eyJhbGciOiJIUzI1NiIsInR5cCI6IkpXVCJ9.eyJmcmVzaCI6ZmFsc2UsImlhdCI6MTcyNzU3OTEwNCwianRpIjoiOTQ2M2Y4YTYtNjgyMC00OGZkLTljYTUtYzc2MzEyYjI3ZjEzIiwidHlwZSI6ImFjY2VzcyIsInN1YiI6MSwibmJmIjoxNzI3NTc5MTA0LCJleHA...</msg>
<var>${accessToken}</var>
<arg>${result}</arg>
<arg>accessToken</arg>
<doc>Returns a value from the given ``dictionary`` based on the given ``key``.</doc>
<status status="PASS" start="2024-09-29T11:03:45.231824" elapsed="0.000999"/>
</kw>
<kw name="Get From Dictionary" owner="Collections">
<msg time="2024-09-29T11:03:45.232823" level="INFO">${refreshToken} = eyJhbGciOiJIUzI1NiIsInR5cCI6IkpXVCJ9.eyJmcmVzaCI6ZmFsc2UsImlhdCI6MTcyNzU3OTEwNCwianRpIjoiOTkyODBhYjQtYTQ3Ni00NWFkLWE3OTgtNjE5OGEyODBjOGNkIiwidHlwZSI6InJlZnJlc2giLCJzdWIiOjEsIm5iZiI6MTcyNzU3OTEwNCwiZXh...</msg>
<var>${refreshToken}</var>
<arg>${result}</arg>
<arg>refreshToken</arg>
<doc>Returns a value from the given ``dictionary`` based on the given ``key``.</doc>
<status status="PASS" start="2024-09-29T11:03:45.232823" elapsed="0.000000"/>
</kw>
<kw name="Set Variable" owner="BuiltIn">
<msg time="2024-09-29T11:03:45.232823" level="INFO">${token} = Bearer eyJhbGciOiJIUzI1NiIsInR5cCI6IkpXVCJ9.eyJmcmVzaCI6ZmFsc2UsImlhdCI6MTcyNzU3OTEwNCwianRpIjoiOTQ2M2Y4YTYtNjgyMC00OGZkLTljYTUtYzc2MzEyYjI3ZjEzIiwidHlwZSI6ImFjY2VzcyIsInN1YiI6MSwibmJmIjoxNzI3NTc5MTA0...</msg>
<var>${token}</var>
<arg>Bearer ${accessToken}</arg>
<doc>Returns the given values which can then be assigned to a variables.</doc>
<status status="PASS" start="2024-09-29T11:03:45.232823" elapsed="0.000000"/>
</kw>
<kw name="Should Be Equal As Strings" owner="BuiltIn">
<msg time="2024-09-29T11:03:45.233824" level="INFO">Argument types are:
&lt;class 'int'&gt;
&lt;class 'str'&gt;</msg>
<arg>${resp.status_code}</arg>
<arg>200</arg>
<doc>Fails if objects are unequal after converting them to strings.</doc>
<status status="PASS" start="2024-09-29T11:03:45.232823" elapsed="0.001001"/>
</kw>
<return>
<value>${token}</value>
<status status="PASS" start="2024-09-29T11:03:45.233824" elapsed="0.000000"/>
</return>
<msg time="2024-09-29T11:03:45.233824" level="INFO">${token} = Bearer eyJhbGciOiJIUzI1NiIsInR5cCI6IkpXVCJ9.eyJmcmVzaCI6ZmFsc2UsImlhdCI6MTcyNzU3OTEwNCwianRpIjoiOTQ2M2Y4YTYtNjgyMC00OGZkLTljYTUtYzc2MzEyYjI3ZjEzIiwidHlwZSI6ImFjY2VzcyIsInN1YiI6MSwibmJmIjoxNzI3NTc5MTA0...</msg>
<var>${token}</var>
<status status="PASS" start="2024-09-29T11:03:45.211729" elapsed="0.022095"/>
</kw>
<kw name="Create Dictionary" owner="BuiltIn">
<msg time="2024-09-29T11:03:45.234825" level="INFO">${header} = {'content-type': 'application/json', 'authorization': 'Bearer eyJhbGciOiJIUzI1NiIsInR5cCI6IkpXVCJ9.eyJmcmVzaCI6ZmFsc2UsImlhdCI6MTcyNzU3OTEwNCwianRpIjoiOTQ2M2Y4YTYtNjgyMC00OGZkLTljYTUtYzc2MzEyYjI3ZjEzI...</msg>
<var>${header}</var>
<arg>content-type=${content-type}</arg>
<arg>authorization=${token}</arg>
<doc>Creates and returns a dictionary based on the given ``items``.</doc>
<status status="PASS" start="2024-09-29T11:03:45.234825" elapsed="0.000000"/>
</kw>
<kw name="Load Json From File" owner="JSONLibrary">
<msg time="2024-09-29T11:03:45.235825" level="INFO">${json_data} = {'login': {'account': '1', 'password': '2'}, 'seriesdata': {'featureKeys': ['454544111'], 'startAt': 1724389621, 'endAt': 1724393221, 'tsDbId': 1, 'interval': 1, 'currentDB': 'factory', 'expression': ...</msg>
<var>${json_data}</var>
<arg>../测试数据层/rucan.json</arg>
<doc>Load JSON from file.</doc>
<status status="PASS" start="2024-09-29T11:03:45.234825" elapsed="0.001000"/>
</kw>
<kw name="Get From Dictionary" owner="Collections">
<msg time="2024-09-29T11:03:45.236824" level="INFO">${data} = {'featureKeyList': ['cdbm8403']}</msg>
<var>${data}</var>
<arg>${json_data}</arg>
<arg>featuresincrementingvalue</arg>
<doc>Returns a value from the given ``dictionary`` based on the given ``key``.</doc>
<status status="PASS" start="2024-09-29T11:03:45.235825" elapsed="0.000999"/>
</kw>
<kw name="Create List" owner="BuiltIn">
<msg time="2024-09-29T11:03:45.236824" level="INFO">${nulllist} = []</msg>
<var>${nulllist}</var>
<doc>Returns a list containing given items.</doc>
<status status="PASS" start="2024-09-29T11:03:45.236824" elapsed="0.000000"/>
</kw>
<kw name="Set To Dictionary" owner="Collections">
<msg time="2024-09-29T11:03:45.236824" level="INFO">${data} = {'featureKeyList': []}</msg>
<var>${data}</var>
<arg>${data}</arg>
<arg>featureKeyList</arg>
<arg>${nulllist}</arg>
<doc>Adds the given ``key_value_pairs`` and/or ``items`` to the ``dictionary``.</doc>
<status status="PASS" start="2024-09-29T11:03:45.236824" elapsed="0.000000"/>
</kw>
<kw name="methodpost test" owner="commonmethod">
<kw name="Create Session" owner="RequestsLibrary">
<msg time="2024-09-29T11:03:45.237823" level="INFO">Creating Session using : alias=nmb, url=http://192.167.0.17:5020, headers={'content-type': 'application/json', 'authorization': 'Bearer eyJhbGciOiJIUzI1NiIsInR5cCI6IkpXVCJ9.eyJmcmVzaCI6ZmFsc2UsImlhdCI6MTcyNzU3OTEwNCwianRpIjoiOTQ2M2Y4YTYtNjgyMC00OGZkLTljYTUtYzc2MzEyYjI3ZjEzIiwidHlwZSI6ImFjY2VzcyIsInN1YiI6MSwibmJmIjoxNzI3NTc5MTA0LCJleHAiOjE3Mjc1ODYzMDR9.QU5rZgoPuLajv-7CpiY3l44LD2OBKLd20OVAPtUPyRc'},                     cookies={}, auth=None, timeout=None, proxies=None, verify=False,                     debug=0 </msg>
<arg>nmb</arg>
<arg>${hosturl}</arg>
<arg>headers=${header}</arg>
<doc>Create Session: create a HTTP session to a server</doc>
<status status="PASS" start="2024-09-29T11:03:45.237823" elapsed="0.000000"/>
</kw>
<kw name="Post Request" owner="RequestsLibrary">
<msg time="2024-09-29T11:03:45.238824" level="WARN">Keyword 'RequestsLibrary.Post Request' is deprecated. Please use `POST On Session` instead.</msg>
<msg time="2024-09-29T11:03:45.249823" level="INFO">POST Request : url=http://192.167.0.17:5020/api/exrun/v2/real-time/features-incrementing-value 
 path_url=/api/exrun/v2/real-time/features-incrementing-value 
 headers={'User-Agent': 'python-requests/2.32.3', 'Accept-Encoding': 'gzip, deflate', 'Accept': '*/*', 'Connection': 'keep-alive', 'content-type': 'application/json', 'authorization': 'Bearer eyJhbGciOiJIUzI1NiIsInR5cCI6IkpXVCJ9.eyJmcmVzaCI6ZmFsc2UsImlhdCI6MTcyNzU3OTEwNCwianRpIjoiOTQ2M2Y4YTYtNjgyMC00OGZkLTljYTUtYzc2MzEyYjI3ZjEzIiwidHlwZSI6ImFjY2VzcyIsInN1YiI6MSwibmJmIjoxNzI3NTc5MTA0LCJleHAiOjE3Mjc1ODYzMDR9.QU5rZgoPuLajv-7CpiY3l44LD2OBKLd20OVAPtUPyRc', 'Content-Length': '22'} 
 body={"featureKeyList": []} 
 </msg>
<msg time="2024-09-29T11:03:45.249823" level="INFO">POST Response : url=http://192.167.0.17:5020/api/exrun/v2/real-time/features-incrementing-value 
 status=200, reason=OK 
 headers={'Server': 'nginx/1.13.8', 'Date': 'Sun, 29 Sep 2024 03:05:04 GMT', 'Content-Type': 'application/json; charset=utf-8', 'Transfer-Encoding': 'chunked', 'Connection': 'keep-alive', 'Vary': 'Accept-Encoding', 'Content-Encoding': 'gzip'} 
 body={"code":"00000","data":{},"message":null,"isSuccess":true} 
 </msg>
<msg time="2024-09-29T11:03:45.249823" level="INFO">${resp1} = &lt;Response [200]&gt;</msg>
<var>${resp1}</var>
<arg>nmb</arg>
<arg>${url}</arg>
<arg>data=${data}</arg>
<doc>*DEPRECATED* Please use `POST On Session` instead.</doc>
<status status="PASS" start="2024-09-29T11:03:45.238824" elapsed="0.010999"/>
</kw>
<return>
<value>${resp1}</value>
<status status="PASS" start="2024-09-29T11:03:45.249823" elapsed="0.000000"/>
</return>
<msg time="2024-09-29T11:03:45.249823" level="INFO">${resp} = &lt;Response [200]&gt;</msg>
<var>${resp}</var>
<arg>${featuresincrementingvalueurl}</arg>
<arg>${data}</arg>
<arg>${header}</arg>
<status status="PASS" start="2024-09-29T11:03:45.237823" elapsed="0.012000"/>
</kw>
<kw name="Log" owner="BuiltIn">
<msg time="2024-09-29T11:03:45.250823" level="INFO">{'code': '00000', 'data': {}, 'message': None, 'isSuccess': True}</msg>
<arg>${resp.json()}</arg>
<doc>Logs the given message with the given level.</doc>
<status status="PASS" start="2024-09-29T11:03:45.250823" elapsed="0.000000"/>
</kw>
<kw name="Set Variable" owner="BuiltIn">
<msg time="2024-09-29T11:03:45.250823" level="INFO">${dict} = {'code': '00000', 'data': {}, 'message': None, 'isSuccess': True}</msg>
<var>${dict}</var>
<arg>${resp.json()}</arg>
<doc>Returns the given values which can then be assigned to a variables.</doc>
<status status="PASS" start="2024-09-29T11:03:45.250823" elapsed="0.000000"/>
</kw>
<kw name="Get From Dictionary" owner="Collections">
<msg time="2024-09-29T11:03:45.250823" level="INFO">${code} = 00000</msg>
<var>${code}</var>
<arg>${dict}</arg>
<arg>code</arg>
<doc>Returns a value from the given ``dictionary`` based on the given ``key``.</doc>
<status status="PASS" start="2024-09-29T11:03:45.250823" elapsed="0.000000"/>
</kw>
<kw name="Get From Dictionary" owner="Collections">
<msg time="2024-09-29T11:03:45.251823" level="INFO">${data} = {}</msg>
<var>${data}</var>
<arg>${dict}</arg>
<arg>data</arg>
<doc>Returns a value from the given ``dictionary`` based on the given ``key``.</doc>
<status status="PASS" start="2024-09-29T11:03:45.250823" elapsed="0.001000"/>
</kw>
<kw name="Should Be Equal As Strings" owner="BuiltIn">
<arg>${code}</arg>
<arg>00000</arg>
<doc>Fails if objects are unequal after converting them to strings.</doc>
<status status="PASS" start="2024-09-29T11:03:45.251823" elapsed="0.000000"/>
</kw>
<kw name="Should Be Equal As Strings" owner="BuiltIn">
<msg time="2024-09-29T11:03:45.251823" level="INFO">Argument types are:
&lt;class 'int'&gt;
&lt;class 'str'&gt;</msg>
<arg>${resp.status_code}</arg>
<arg>200</arg>
<doc>Fails if objects are unequal after converting them to strings.</doc>
<status status="PASS" start="2024-09-29T11:03:45.251823" elapsed="0.000000"/>
</kw>
<kw name="Should Be Empty" owner="BuiltIn">
<msg time="2024-09-29T11:03:45.251823" level="INFO">Length is 0.</msg>
<arg>${data}</arg>
<doc>Verifies that the given item is empty.</doc>
<status status="PASS" start="2024-09-29T11:03:45.251823" elapsed="0.000000"/>
</kw>
<status status="PASS" start="2024-09-29T11:03:45.210727" elapsed="0.041096"/>
</test>
<status status="PASS" start="2024-09-29T11:03:44.179886" elapsed="1.071937"/>
</suite>
<statistics>
<total>
<stat pass="6" fail="0" skip="0">All Tests</stat>
</total>
<tag>
</tag>
<suite>
<stat pass="6" fail="0" skip="0" id="s1" name="测点管理">测点管理</stat>
</suite>
</statistics>
<errors>
<msg time="2024-09-29T11:03:44.212249" level="WARN">Error in file 'C:\Users\fupeng\Desktop\pythoncase\pythonProject\测试业务层\commonmethod.robot' on line 29: The '[Return]' setting is deprecated. Use the 'RETURN' statement instead.</msg>
<msg time="2024-09-29T11:03:44.212249" level="WARN">Error in file 'C:\Users\fupeng\Desktop\pythoncase\pythonProject\测试业务层\commonmethod.robot' on line 38: The '[Return]' setting is deprecated. Use the 'RETURN' statement instead.</msg>
<msg time="2024-09-29T11:03:44.550004" level="WARN">Error in file 'C:\Users\fupeng\Desktop\pythoncase\pythonProject\配置\公共配置.resource' on line 41: The '[Return]' setting is deprecated. Use the 'RETURN' statement instead.</msg>
<msg time="2024-09-29T11:03:44.558294" level="ERROR">Error in file 'C:\Users\fupeng\Desktop\pythoncase\pythonProject\测试用例层\测点管理.robot' on line 4: Parsing JSON resource file 'C:\Users\fupeng\Desktop\pythoncase\pythonProject\测试数据层\rucan.json' failed: Creating 'robot.running.ResourceFile' object from dictionary failed: 'robot.running.ResourceFile' object does not have attribute 'login'</msg>
<msg time="2024-09-29T11:03:44.885789" level="WARN">Keyword 'RequestsLibrary.Post Request' is deprecated. Please use `POST On Session` instead.</msg>
<msg time="2024-09-29T11:03:44.908221" level="WARN">Keyword 'RequestsLibrary.Post Request' is deprecated. Please use `POST On Session` instead.</msg>
<msg time="2024-09-29T11:03:45.001034" level="WARN">Keyword 'RequestsLibrary.Post Request' is deprecated. Please use `POST On Session` instead.</msg>
<msg time="2024-09-29T11:03:45.021078" level="WARN">Keyword 'RequestsLibrary.Post Request' is deprecated. Please use `POST On Session` instead.</msg>
<msg time="2024-09-29T11:03:45.061084" level="WARN">Keyword 'RequestsLibrary.Post Request' is deprecated. Please use `POST On Session` instead.</msg>
<msg time="2024-09-29T11:03:45.086394" level="WARN">Keyword 'RequestsLibrary.Post Request' is deprecated. Please use `POST On Session` instead.</msg>
<msg time="2024-09-29T11:03:45.117645" level="WARN">Keyword 'RequestsLibrary.Post Request' is deprecated. Please use `POST On Session` instead.</msg>
<msg time="2024-09-29T11:03:45.138180" level="WARN">Keyword 'RequestsLibrary.Post Request' is deprecated. Please use `POST On Session` instead.</msg>
<msg time="2024-09-29T11:03:45.154188" level="WARN">Keyword 'RequestsLibrary.Post Request' is deprecated. Please use `POST On Session` instead.</msg>
<msg time="2024-09-29T11:03:45.196992" level="WARN">Keyword 'RequestsLibrary.Post Request' is deprecated. Please use `POST On Session` instead.</msg>
<msg time="2024-09-29T11:03:45.212730" level="WARN">Keyword 'RequestsLibrary.Post Request' is deprecated. Please use `POST On Session` instead.</msg>
<msg time="2024-09-29T11:03:45.238824" level="WARN">Keyword 'RequestsLibrary.Post Request' is deprecated. Please use `POST On Session` instead.</msg>
</errors>
</robot>
